{"/Users/sujithputta/Projects/Promptwars-1.1/proxy.ts": {"path":"/Users/sujithputta/Projects/Promptwars-1.1/proxy.ts","statementMap":{"0":{"start":{"line":58,"column":13},"end":{"line":58,"column":22}},"1":{"start":{"line":18,"column":16},"end":{"line":18,"column":22}},"2":{"start":{"line":1,"column":29},"end":{"line":1,"column":null}},"3":{"start":{"line":6,"column":21},"end":{"line":6,"column":null}},"4":{"start":{"line":8,"column":14},"end":{"line":8,"column":18}},"5":{"start":{"line":9,"column":18},"end":{"line":9,"column":29}},"6":{"start":{"line":20,"column":2},"end":{"line":52,"column":null}},"7":{"start":{"line":21,"column":15},"end":{"line":21,"column":null}},"8":{"start":{"line":22,"column":16},"end":{"line":22,"column":null}},"9":{"start":{"line":24,"column":19},"end":{"line":24,"column":null}},"10":{"start":{"line":26,"column":4},"end":{"line":28,"column":null}},"11":{"start":{"line":27,"column":6},"end":{"line":27,"column":null}},"12":{"start":{"line":30,"column":4},"end":{"line":30,"column":null}},"13":{"start":{"line":31,"column":4},"end":{"line":31,"column":null}},"14":{"start":{"line":33,"column":4},"end":{"line":38,"column":null}},"15":{"start":{"line":34,"column":6},"end":{"line":36,"column":null}},"16":{"start":{"line":41,"column":21},"end":{"line":41,"column":null}},"17":{"start":{"line":42,"column":4},"end":{"line":42,"column":null}},"18":{"start":{"line":43,"column":4},"end":{"line":43,"column":null}},"19":{"start":{"line":44,"column":4},"end":{"line":44,"column":null}},"20":{"start":{"line":45,"column":4},"end":{"line":45,"column":null}},"21":{"start":{"line":48,"column":4},"end":{"line":48,"column":null}},"22":{"start":{"line":49,"column":4},"end":{"line":49,"column":null}},"23":{"start":{"line":51,"column":4},"end":{"line":51,"column":null}},"24":{"start":{"line":54,"column":2},"end":{"line":54,"column":null}},"25":{"start":{"line":58,"column":22},"end":{"line":60,"column":null}}},"fnMap":{"0":{"name":"proxy","decl":{"start":{"line":18,"column":16},"end":{"line":18,"column":22}},"loc":{"start":{"line":18,"column":42},"end":{"line":55,"column":null}}}},"branchMap":{"0":{"loc":{"start":{"line":20,"column":2},"end":{"line":52,"column":null}},"type":"if","locations":[{"start":{"line":20,"column":2},"end":{"line":52,"column":null}},{"start":{},"end":{}}]},"1":{"loc":{"start":{"line":21,"column":15},"end":{"line":21,"column":null}},"type":"binary-expr","locations":[{"start":{"line":21,"column":15},"end":{"line":21,"column":68}},{"start":{"line":21,"column":72},"end":{"line":21,"column":null}}]},"2":{"loc":{"start":{"line":26,"column":4},"end":{"line":28,"column":null}},"type":"if","locations":[{"start":{"line":26,"column":4},"end":{"line":28,"column":null}},{"start":{},"end":{}}]},"3":{"loc":{"start":{"line":26,"column":8},"end":{"line":26,"column":45}},"type":"binary-expr","locations":[{"start":{"line":26,"column":8},"end":{"line":26,"column":21}},{"start":{"line":26,"column":21},"end":{"line":26,"column":45}}]},"4":{"loc":{"start":{"line":33,"column":4},"end":{"line":38,"column":null}},"type":"if","locations":[{"start":{"line":33,"column":4},"end":{"line":38,"column":null}},{"start":{},"end":{}}]}},"s":{"0":0,"1":109,"2":1,"3":1,"4":1,"5":1,"6":109,"7":108,"8":108,"9":108,"10":108,"11":1,"12":108,"13":108,"14":108,"15":58,"16":50,"17":50,"18":50,"19":50,"20":50,"21":50,"22":50,"23":50,"24":1,"25":1},"f":{"0":109},"b":{"0":[108,1],"1":[108,0],"2":[1,107],"3":[108,107],"4":[58,50]}}
,"/Users/sujithputta/Projects/Promptwars-1.1/components/AuraMap.tsx": {"path":"/Users/sujithputta/Projects/Promptwars-1.1/components/AuraMap.tsx","statementMap":{"0":{"start":{"line":27,"column":24},"end":{"line":27,"column":32}},"1":{"start":{"line":3,"column":51},"end":{"line":3,"column":null}},"2":{"start":{"line":4,"column":42},"end":{"line":4,"column":null}},"3":{"start":{"line":6,"column":28},"end":{"line":6,"column":null}},"4":{"start":{"line":19,"column":0},"end":{"line":25,"column":null}},"5":{"start":{"line":20,"column":2},"end":{"line":23,"column":null}},"6":{"start":{"line":24,"column":3},"end":{"line":24,"column":null}},"7":{"start":{"line":36,"column":17},"end":{"line":36,"column":null}},"8":{"start":{"line":37,"column":24},"end":{"line":37,"column":null}},"9":{"start":{"line":38,"column":36},"end":{"line":38,"column":null}},"10":{"start":{"line":39,"column":32},"end":{"line":39,"column":null}},"11":{"start":{"line":41,"column":2},"end":{"line":74,"column":null}},"12":{"start":{"line":42,"column":20},"end":{"line":71,"column":null}},"13":{"start":{"line":43,"column":6},"end":{"line":70,"column":null}},"14":{"start":{"line":44,"column":36},"end":{"line":44,"column":null}},"15":{"start":{"line":45,"column":54},"end":{"line":45,"column":null}},"16":{"start":{"line":46,"column":47},"end":{"line":46,"column":null}},"17":{"start":{"line":47,"column":8},"end":{"line":47,"column":null}},"18":{"start":{"line":49,"column":8},"end":{"line":66,"column":null}},"19":{"start":{"line":50,"column":25},"end":{"line":60,"column":null}},"20":{"start":{"line":61,"column":10},"end":{"line":61,"column":null}},"21":{"start":{"line":64,"column":10},"end":{"line":64,"column":null}},"22":{"start":{"line":65,"column":10},"end":{"line":65,"column":null}},"23":{"start":{"line":68,"column":8},"end":{"line":68,"column":null}},"24":{"start":{"line":69,"column":8},"end":{"line":69,"column":null}},"25":{"start":{"line":73,"column":4},"end":{"line":73,"column":null}},"26":{"start":{"line":76,"column":20},"end":{"line":137,"column":null}},"27":{"start":{"line":77,"column":4},"end":{"line":136,"column":null}},"28":{"start":{"line":78,"column":24},"end":{"line":78,"column":null}},"29":{"start":{"line":80,"column":28},"end":{"line":85,"column":null}},"30":{"start":{"line":87,"column":32},"end":{"line":87,"column":34}},"31":{"start":{"line":89,"column":6},"end":{"line":132,"column":null}},"32":{"start":{"line":90,"column":24},"end":{"line":98,"column":null}},"33":{"start":{"line":100,"column":27},"end":{"line":100,"column":null}},"34":{"start":{"line":102,"column":8},"end":{"line":131,"column":null}},"35":{"start":{"line":103,"column":10},"end":{"line":130,"column":null}},"36":{"start":{"line":104,"column":24},"end":{"line":109,"column":null}},"37":{"start":{"line":111,"column":27},"end":{"line":117,"column":null}},"38":{"start":{"line":119,"column":12},"end":{"line":126,"column":null}},"39":{"start":{"line":120,"column":14},"end":{"line":125,"column":null}},"40":{"start":{"line":121,"column":16},"end":{"line":123,"column":null}},"41":{"start":{"line":128,"column":13},"end":{"line":128,"column":null}},"42":{"start":{"line":129,"column":12},"end":{"line":129,"column":null}},"43":{"start":{"line":133,"column":6},"end":{"line":133,"column":null}},"44":{"start":{"line":135,"column":6},"end":{"line":135,"column":null}},"45":{"start":{"line":140,"column":2},"end":{"line":148,"column":null}},"46":{"start":{"line":141,"column":4},"end":{"line":147,"column":null}},"47":{"start":{"line":142,"column":6},"end":{"line":146,"column":null}},"48":{"start":{"line":143,"column":8},"end":{"line":143,"column":null}},"49":{"start":{"line":145,"column":8},"end":{"line":145,"column":null}},"50":{"start":{"line":153,"column":2},"end":{"line":185,"column":null}},"51":{"start":{"line":154,"column":4},"end":{"line":184,"column":null}},"52":{"start":{"line":155,"column":26},"end":{"line":155,"column":null}},"53":{"start":{"line":156,"column":22},"end":{"line":163,"column":null}},"54":{"start":{"line":165,"column":21},"end":{"line":165,"column":null}},"55":{"start":{"line":166,"column":6},"end":{"line":166,"column":null}},"56":{"start":{"line":166,"column":42},"end":{"line":166,"column":null}},"57":{"start":{"line":168,"column":6},"end":{"line":179,"column":null}},"58":{"start":{"line":170,"column":28},"end":{"line":170,"column":null}},"59":{"start":{"line":171,"column":28},"end":{"line":171,"column":null}},"60":{"start":{"line":172,"column":25},"end":{"line":172,"column":null}},"61":{"start":{"line":174,"column":8},"end":{"line":178,"column":null}},"62":{"start":{"line":175,"column":10},"end":{"line":175,"column":37}},"63":{"start":{"line":177,"column":10},"end":{"line":177,"column":null}},"64":{"start":{"line":181,"column":6},"end":{"line":183,"column":null}},"65":{"start":{"line":182,"column":8},"end":{"line":182,"column":null}}},"fnMap":{"0":{"name":"AuraMap","decl":{"start":{"line":27,"column":24},"end":{"line":27,"column":32}},"loc":{"start":{"line":35,"column":15},"end":{"line":215,"column":null}}},"1":{"name":"(anonymous_5)","decl":{"start":{"line":41,"column":12},"end":{"line":41,"column":null}},"loc":{"start":{"line":41,"column":12},"end":{"line":74,"column":5}}},"2":{"name":"(anonymous_6)","decl":{"start":{"line":42,"column":20},"end":{"line":42,"column":null}},"loc":{"start":{"line":42,"column":20},"end":{"line":71,"column":null}}},"3":{"name":"(anonymous_7)","decl":{"start":{"line":76,"column":20},"end":{"line":76,"column":27}},"loc":{"start":{"line":76,"column":62},"end":{"line":137,"column":null}}},"4":{"name":"(anonymous_8)","decl":{"start":{"line":103,"column":25},"end":{"line":103,"column":26}},"loc":{"start":{"line":103,"column":26},"end":{"line":130,"column":null}}},"5":{"name":"(anonymous_9)","decl":{"start":{"line":119,"column":44},"end":{"line":119,"column":null}},"loc":{"start":{"line":119,"column":44},"end":{"line":126,"column":null}}},"6":{"name":"(anonymous_10)","decl":{"start":{"line":140,"column":12},"end":{"line":140,"column":null}},"loc":{"start":{"line":140,"column":12},"end":{"line":148,"column":5}}},"7":{"name":"(anonymous_11)","decl":{"start":{"line":141,"column":20},"end":{"line":141,"column":null}},"loc":{"start":{"line":141,"column":20},"end":{"line":147,"column":null}}},"8":{"name":"(anonymous_12)","decl":{"start":{"line":153,"column":12},"end":{"line":153,"column":null}},"loc":{"start":{"line":153,"column":12},"end":{"line":185,"column":5}}},"9":{"name":"(anonymous_13)","decl":{"start":{"line":166,"column":26},"end":{"line":166,"column":27}},"loc":{"start":{"line":166,"column":42},"end":{"line":166,"column":null}}},"10":{"name":"(anonymous_14)","decl":{"start":{"line":181,"column":13},"end":{"line":181,"column":null}},"loc":{"start":{"line":181,"column":13},"end":{"line":183,"column":null}}}},"branchMap":{"0":{"loc":{"start":{"line":19,"column":0},"end":{"line":25,"column":null}},"type":"if","locations":[{"start":{"line":19,"column":0},"end":{"line":25,"column":null}},{"start":{},"end":{}}]},"1":{"loc":{"start":{"line":19,"column":4},"end":{"line":19,"column":75}},"type":"binary-expr","locations":[{"start":{"line":19,"column":4},"end":{"line":19,"column":37}},{"start":{"line":19,"column":37},"end":{"line":19,"column":75}}]},"2":{"loc":{"start":{"line":28,"column":2},"end":{"line":28,"column":31}},"type":"default-arg","locations":[{"start":{"line":28,"column":11},"end":{"line":28,"column":31}}]},"3":{"loc":{"start":{"line":29,"column":2},"end":{"line":29,"column":11}},"type":"default-arg","locations":[{"start":{"line":29,"column":9},"end":{"line":29,"column":11}}]},"4":{"loc":{"start":{"line":30,"column":2},"end":{"line":30,"column":20}},"type":"default-arg","locations":[{"start":{"line":30,"column":16},"end":{"line":30,"column":20}}]},"5":{"loc":{"start":{"line":31,"column":2},"end":{"line":31,"column":21}},"type":"default-arg","locations":[{"start":{"line":31,"column":12},"end":{"line":31,"column":21}}]},"6":{"loc":{"start":{"line":33,"column":2},"end":{"line":33,"column":24}},"type":"default-arg","locations":[{"start":{"line":33,"column":19},"end":{"line":33,"column":24}}]},"7":{"loc":{"start":{"line":49,"column":8},"end":{"line":66,"column":null}},"type":"if","locations":[{"start":{"line":49,"column":8},"end":{"line":66,"column":null}},{"start":{},"end":{}}]},"8":{"loc":{"start":{"line":49,"column":12},"end":{"line":49,"column":36}},"type":"binary-expr","locations":[{"start":{"line":49,"column":12},"end":{"line":49,"column":26}},{"start":{"line":49,"column":30},"end":{"line":49,"column":36}}]},"9":{"loc":{"start":{"line":102,"column":8},"end":{"line":131,"column":null}},"type":"if","locations":[{"start":{"line":102,"column":8},"end":{"line":131,"column":null}},{"start":{},"end":{}}]},"10":{"loc":{"start":{"line":120,"column":14},"end":{"line":125,"column":null}},"type":"if","locations":[{"start":{"line":120,"column":14},"end":{"line":125,"column":null}},{"start":{},"end":{}}]},"11":{"loc":{"start":{"line":142,"column":6},"end":{"line":146,"column":null}},"type":"if","locations":[{"start":{"line":142,"column":6},"end":{"line":146,"column":null}},{"start":{"line":144,"column":13},"end":{"line":146,"column":null}}]},"12":{"loc":{"start":{"line":142,"column":10},"end":{"line":142,"column":78}},"type":"binary-expr","locations":[{"start":{"line":142,"column":10},"end":{"line":142,"column":38}},{"start":{"line":142,"column":38},"end":{"line":142,"column":78}}]},"13":{"loc":{"start":{"line":154,"column":4},"end":{"line":184,"column":null}},"type":"if","locations":[{"start":{"line":154,"column":4},"end":{"line":184,"column":null}},{"start":{},"end":{}}]},"14":{"loc":{"start":{"line":154,"column":8},"end":{"line":154,"column":25}},"type":"binary-expr","locations":[{"start":{"line":154,"column":8},"end":{"line":154,"column":15}},{"start":{"line":154,"column":15},"end":{"line":154,"column":25}}]},"15":{"loc":{"start":{"line":159,"column":21},"end":{"line":159,"column":null}},"type":"cond-expr","locations":[{"start":{"line":159,"column":35},"end":{"line":159,"column":47}},{"start":{"line":159,"column":47},"end":{"line":159,"column":null}}]},"16":{"loc":{"start":{"line":168,"column":6},"end":{"line":179,"column":null}},"type":"if","locations":[{"start":{"line":168,"column":6},"end":{"line":179,"column":null}},{"start":{},"end":{}}]},"17":{"loc":{"start":{"line":174,"column":8},"end":{"line":178,"column":null}},"type":"if","locations":[{"start":{"line":174,"column":8},"end":{"line":178,"column":null}},{"start":{"line":176,"column":15},"end":{"line":178,"column":null}}]},"18":{"loc":{"start":{"line":201,"column":9},"end":{"line":201,"column":null}},"type":"cond-expr","locations":[{"start":{"line":201,"column":36},"end":{"line":201,"column":72}},{"start":{"line":201,"column":75},"end":{"line":201,"column":null}}]},"19":{"loc":{"start":{"line":204,"column":7},"end":{"line":204,"column":null}},"type":"binary-expr","locations":[{"start":{"line":204,"column":7},"end":{"line":204,"column":null}}]}},"s":{"0":14,"1":1,"2":1,"3":1,"4":1,"5":1,"6":1,"7":14,"8":14,"9":14,"10":14,"11":14,"12":12,"13":12,"14":12,"15":12,"16":12,"17":12,"18":12,"19":12,"20":12,"21":12,"22":12,"23":0,"24":0,"25":12,"26":14,"27":12,"28":12,"29":12,"30":12,"31":12,"32":48,"33":48,"34":48,"35":48,"36":96,"37":96,"38":96,"39":0,"40":0,"41":96,"42":96,"43":12,"44":0,"45":14,"46":14,"47":0,"48":0,"49":0,"50":14,"51":12,"52":0,"53":0,"54":0,"55":0,"56":0,"57":0,"58":0,"59":0,"60":0,"61":0,"62":0,"63":0,"64":0,"65":0},"f":{"0":14,"1":12,"2":12,"3":12,"4":96,"5":0,"6":14,"7":0,"8":12,"9":0,"10":0},"b":{"0":[1,0],"1":[1,1],"2":[13],"3":[13],"4":[13],"5":[13],"6":[9],"7":[12,0],"8":[12,12],"9":[48,0],"10":[0,0],"11":[0,0],"12":[0,0],"13":[0,12],"14":[12,0],"15":[0,0],"16":[0,0],"17":[0,0],"18":[3,11],"19":[14]}}
,"/Users/sujithputta/Projects/Promptwars-1.1/components/AuthProvider.tsx": {"path":"/Users/sujithputta/Projects/Promptwars-1.1/components/AuthProvider.tsx","statementMap":{"0":{"start":{"line":17,"column":16},"end":{"line":17,"column":29}},"1":{"start":{"line":59,"column":13},"end":{"line":59,"column":23}},"2":{"start":{"line":3,"column":70},"end":{"line":3,"column":null}},"3":{"start":{"line":4,"column":41},"end":{"line":4,"column":null}},"4":{"start":{"line":5,"column":32},"end":{"line":5,"column":null}},"5":{"start":{"line":6,"column":25},"end":{"line":6,"column":null}},"6":{"start":{"line":7,"column":60},"end":{"line":7,"column":null}},"7":{"start":{"line":15,"column":20},"end":{"line":15,"column":null}},"8":{"start":{"line":18,"column":26},"end":{"line":18,"column":null}},"9":{"start":{"line":19,"column":32},"end":{"line":19,"column":null}},"10":{"start":{"line":20,"column":32},"end":{"line":20,"column":null}},"11":{"start":{"line":22,"column":2},"end":{"line":50,"column":null}},"12":{"start":{"line":24,"column":4},"end":{"line":24,"column":null}},"13":{"start":{"line":26,"column":28},"end":{"line":47,"column":null}},"14":{"start":{"line":27,"column":6},"end":{"line":27,"column":null}},"15":{"start":{"line":29,"column":6},"end":{"line":46,"column":null}},"16":{"start":{"line":31,"column":8},"end":{"line":31,"column":null}},"17":{"start":{"line":34,"column":24},"end":{"line":34,"column":null}},"18":{"start":{"line":35,"column":35},"end":{"line":40,"column":null}},"19":{"start":{"line":36,"column":10},"end":{"line":38,"column":null}},"20":{"start":{"line":37,"column":12},"end":{"line":37,"column":null}},"21":{"start":{"line":39,"column":10},"end":{"line":39,"column":null}},"22":{"start":{"line":42,"column":8},"end":{"line":42,"column":null}},"23":{"start":{"line":42,"column":21},"end":{"line":42,"column":null}},"24":{"start":{"line":44,"column":8},"end":{"line":44,"column":null}},"25":{"start":{"line":45,"column":8},"end":{"line":45,"column":null}},"26":{"start":{"line":49,"column":4},"end":{"line":49,"column":null}},"27":{"start":{"line":49,"column":17},"end":{"line":49,"column":null}},"28":{"start":{"line":59,"column":23},"end":{"line":59,"column":null}},"29":{"start":{"line":59,"column":29},"end":{"line":59,"column":null}}},"fnMap":{"0":{"name":"AuthProvider","decl":{"start":{"line":17,"column":16},"end":{"line":17,"column":29}},"loc":{"start":{"line":17,"column":72},"end":{"line":57,"column":null}}},"1":{"name":"(anonymous_7)","decl":{"start":{"line":22,"column":12},"end":{"line":22,"column":null}},"loc":{"start":{"line":22,"column":12},"end":{"line":50,"column":5}}},"2":{"name":"(anonymous_8)","decl":{"start":{"line":26,"column":53},"end":{"line":26,"column":60}},"loc":{"start":{"line":26,"column":60},"end":{"line":47,"column":null}}},"3":{"name":"(anonymous_9)","decl":{"start":{"line":35,"column":55},"end":{"line":35,"column":56}},"loc":{"start":{"line":35,"column":56},"end":{"line":40,"column":null}}},"4":{"name":"(anonymous_10)","decl":{"start":{"line":42,"column":15},"end":{"line":42,"column":21}},"loc":{"start":{"line":42,"column":21},"end":{"line":42,"column":null}}},"5":{"name":"(anonymous_11)","decl":{"start":{"line":49,"column":11},"end":{"line":49,"column":17}},"loc":{"start":{"line":49,"column":17},"end":{"line":49,"column":null}}},"6":{"name":"(anonymous_12)","decl":{"start":{"line":59,"column":23},"end":{"line":59,"column":29}},"loc":{"start":{"line":59,"column":29},"end":{"line":59,"column":null}}}},"branchMap":{"0":{"loc":{"start":{"line":29,"column":6},"end":{"line":46,"column":null}},"type":"if","locations":[{"start":{"line":29,"column":6},"end":{"line":46,"column":null}},{"start":{"line":43,"column":13},"end":{"line":46,"column":null}}]},"1":{"loc":{"start":{"line":31,"column":48},"end":{"line":31,"column":null}},"type":"binary-expr","locations":[{"start":{"line":31,"column":48},"end":{"line":31,"column":66}},{"start":{"line":31,"column":70},"end":{"line":31,"column":null}}]},"2":{"loc":{"start":{"line":36,"column":10},"end":{"line":38,"column":null}},"type":"if","locations":[{"start":{"line":36,"column":10},"end":{"line":38,"column":null}},{"start":{},"end":{}}]},"3":{"loc":{"start":{"line":54,"column":7},"end":{"line":54,"column":null}},"type":"binary-expr","locations":[{"start":{"line":54,"column":7},"end":{"line":54,"column":19}},{"start":{"line":54,"column":19},"end":{"line":54,"column":null}}]}},"s":{"0":9,"1":0,"2":1,"3":1,"4":1,"5":1,"6":1,"7":1,"8":18,"9":18,"10":18,"11":18,"12":9,"13":9,"14":9,"15":9,"16":2,"17":2,"18":2,"19":2,"20":2,"21":2,"22":2,"23":0,"24":7,"25":7,"26":9,"27":9,"28":1,"29":0},"f":{"0":18,"1":9,"2":9,"3":2,"4":0,"5":9,"6":0},"b":{"0":[2,7],"1":[2,0],"2":[2,0],"3":[18,7]}}
,"/Users/sujithputta/Projects/Promptwars-1.1/components/FeedbackButton.tsx": {"path":"/Users/sujithputta/Projects/Promptwars-1.1/components/FeedbackButton.tsx","statementMap":{"0":{"start":{"line":14,"column":24},"end":{"line":14,"column":39}},"1":{"start":{"line":3,"column":25},"end":{"line":3,"column":null}},"2":{"start":{"line":4,"column":55},"end":{"line":4,"column":null}},"3":{"start":{"line":5,"column":24},"end":{"line":5,"column":null}},"4":{"start":{"line":20,"column":19},"end":{"line":20,"column":null}},"5":{"start":{"line":21,"column":42},"end":{"line":21,"column":null}},"6":{"start":{"line":22,"column":30},"end":{"line":22,"column":null}},"7":{"start":{"line":23,"column":32},"end":{"line":23,"column":null}},"8":{"start":{"line":24,"column":46},"end":{"line":24,"column":null}},"9":{"start":{"line":25,"column":38},"end":{"line":25,"column":null}},"10":{"start":{"line":26,"column":36},"end":{"line":26,"column":null}},"11":{"start":{"line":28,"column":30},"end":{"line":59,"column":null}},"12":{"start":{"line":29,"column":4},"end":{"line":29,"column":null}},"13":{"start":{"line":29,"column":15},"end":{"line":29,"column":null}},"14":{"start":{"line":31,"column":4},"end":{"line":31,"column":null}},"15":{"start":{"line":32,"column":4},"end":{"line":58,"column":null}},"16":{"start":{"line":33,"column":23},"end":{"line":44,"column":null}},"17":{"start":{"line":46,"column":6},"end":{"line":53,"column":null}},"18":{"start":{"line":47,"column":8},"end":{"line":47,"column":null}},"19":{"start":{"line":48,"column":8},"end":{"line":52,"column":null}},"20":{"start":{"line":49,"column":10},"end":{"line":49,"column":null}},"21":{"start":{"line":50,"column":10},"end":{"line":50,"column":null}},"22":{"start":{"line":51,"column":10},"end":{"line":51,"column":null}},"23":{"start":{"line":55,"column":6},"end":{"line":55,"column":null}},"24":{"start":{"line":57,"column":6},"end":{"line":57,"column":null}},"25":{"start":{"line":61,"column":33},"end":{"line":98,"column":null}},"26":{"start":{"line":62,"column":4},"end":{"line":62,"column":null}},"27":{"start":{"line":62,"column":26},"end":{"line":62,"column":null}},"28":{"start":{"line":64,"column":4},"end":{"line":64,"column":null}},"29":{"start":{"line":65,"column":4},"end":{"line":97,"column":null}},"30":{"start":{"line":66,"column":23},"end":{"line":80,"column":null}},"31":{"start":{"line":82,"column":6},"end":{"line":92,"column":null}},"32":{"start":{"line":83,"column":8},"end":{"line":83,"column":null}},"33":{"start":{"line":84,"column":8},"end":{"line":91,"column":null}},"34":{"start":{"line":85,"column":10},"end":{"line":85,"column":null}},"35":{"start":{"line":86,"column":10},"end":{"line":86,"column":null}},"36":{"start":{"line":87,"column":10},"end":{"line":87,"column":null}},"37":{"start":{"line":88,"column":10},"end":{"line":88,"column":null}},"38":{"start":{"line":89,"column":10},"end":{"line":89,"column":null}},"39":{"start":{"line":90,"column":10},"end":{"line":90,"column":null}},"40":{"start":{"line":94,"column":6},"end":{"line":94,"column":null}},"41":{"start":{"line":96,"column":6},"end":{"line":96,"column":null}},"42":{"start":{"line":100,"column":2},"end":{"line":106,"column":null}},"43":{"start":{"line":108,"column":2},"end":{"line":118,"column":null}},"44":{"start":{"line":111,"column":23},"end":{"line":111,"column":null}},"45":{"start":{"line":125,"column":25},"end":{"line":125,"column":null}},"46":{"start":{"line":135,"column":25},"end":{"line":135,"column":null}},"47":{"start":{"line":143,"column":25},"end":{"line":143,"column":null}},"48":{"start":{"line":159,"column":12},"end":{"line":160,"column":null}},"49":{"start":{"line":161,"column":29},"end":{"line":161,"column":null}},"50":{"start":{"line":183,"column":31},"end":{"line":183,"column":null}},"51":{"start":{"line":198,"column":29},"end":{"line":198,"column":null}}},"fnMap":{"0":{"name":"FeedbackButton","decl":{"start":{"line":14,"column":24},"end":{"line":14,"column":39}},"loc":{"start":{"line":19,"column":22},"end":{"line":215,"column":null}}},"1":{"name":"(anonymous_2)","decl":{"start":{"line":28,"column":30},"end":{"line":28,"column":37}},"loc":{"start":{"line":28,"column":37},"end":{"line":59,"column":null}}},"2":{"name":"(anonymous_3)","decl":{"start":{"line":48,"column":19},"end":{"line":48,"column":null}},"loc":{"start":{"line":48,"column":19},"end":{"line":52,"column":11}}},"3":{"name":"(anonymous_4)","decl":{"start":{"line":61,"column":33},"end":{"line":61,"column":null}},"loc":{"start":{"line":61,"column":33},"end":{"line":98,"column":null}}},"4":{"name":"(anonymous_5)","decl":{"start":{"line":84,"column":19},"end":{"line":84,"column":null}},"loc":{"start":{"line":84,"column":19},"end":{"line":91,"column":11}}},"5":{"name":"(anonymous_6)","decl":{"start":{"line":111,"column":17},"end":{"line":111,"column":23}},"loc":{"start":{"line":111,"column":23},"end":{"line":111,"column":null}}},"6":{"name":"(anonymous_7)","decl":{"start":{"line":125,"column":19},"end":{"line":125,"column":25}},"loc":{"start":{"line":125,"column":25},"end":{"line":125,"column":null}}},"7":{"name":"(anonymous_8)","decl":{"start":{"line":135,"column":19},"end":{"line":135,"column":25}},"loc":{"start":{"line":135,"column":25},"end":{"line":135,"column":null}}},"8":{"name":"(anonymous_9)","decl":{"start":{"line":143,"column":19},"end":{"line":143,"column":25}},"loc":{"start":{"line":143,"column":25},"end":{"line":143,"column":null}}},"9":{"name":"(anonymous_10)","decl":{"start":{"line":158,"column":31},"end":{"line":158,"column":32}},"loc":{"start":{"line":159,"column":12},"end":{"line":160,"column":null}}},"10":{"name":"(anonymous_11)","decl":{"start":{"line":161,"column":23},"end":{"line":161,"column":29}},"loc":{"start":{"line":161,"column":29},"end":{"line":161,"column":null}}},"11":{"name":"(anonymous_12)","decl":{"start":{"line":183,"column":24},"end":{"line":183,"column":25}},"loc":{"start":{"line":183,"column":31},"end":{"line":183,"column":null}}},"12":{"name":"(anonymous_13)","decl":{"start":{"line":198,"column":22},"end":{"line":198,"column":23}},"loc":{"start":{"line":198,"column":29},"end":{"line":198,"column":null}}}},"branchMap":{"0":{"loc":{"start":{"line":29,"column":4},"end":{"line":29,"column":null}},"type":"if","locations":[{"start":{"line":29,"column":4},"end":{"line":29,"column":null}},{"start":{},"end":{}}]},"1":{"loc":{"start":{"line":40,"column":18},"end":{"line":40,"column":null}},"type":"cond-expr","locations":[{"start":{"line":40,"column":28},"end":{"line":40,"column":32}},{"start":{"line":40,"column":32},"end":{"line":40,"column":null}}]},"2":{"loc":{"start":{"line":46,"column":6},"end":{"line":53,"column":null}},"type":"if","locations":[{"start":{"line":46,"column":6},"end":{"line":53,"column":null}},{"start":{},"end":{}}]},"3":{"loc":{"start":{"line":62,"column":4},"end":{"line":62,"column":null}},"type":"if","locations":[{"start":{"line":62,"column":4},"end":{"line":62,"column":null}},{"start":{},"end":{}}]},"4":{"loc":{"start":{"line":62,"column":8},"end":{"line":62,"column":26}},"type":"binary-expr","locations":[{"start":{"line":62,"column":8},"end":{"line":62,"column":17}},{"start":{"line":62,"column":17},"end":{"line":62,"column":26}}]},"5":{"loc":{"start":{"line":75,"column":19},"end":{"line":75,"column":null}},"type":"binary-expr","locations":[{"start":{"line":75,"column":19},"end":{"line":75,"column":30}},{"start":{"line":75,"column":30},"end":{"line":75,"column":null}}]},"6":{"loc":{"start":{"line":82,"column":6},"end":{"line":92,"column":null}},"type":"if","locations":[{"start":{"line":82,"column":6},"end":{"line":92,"column":null}},{"start":{},"end":{}}]},"7":{"loc":{"start":{"line":100,"column":2},"end":{"line":106,"column":null}},"type":"if","locations":[{"start":{"line":100,"column":2},"end":{"line":106,"column":null}},{"start":{},"end":{}}]},"8":{"loc":{"start":{"line":108,"column":2},"end":{"line":118,"column":null}},"type":"if","locations":[{"start":{"line":108,"column":2},"end":{"line":118,"column":null}},{"start":{},"end":{}}]},"9":{"loc":{"start":{"line":163,"column":16},"end":{"line":165,"column":null}},"type":"cond-expr","locations":[{"start":{"line":164,"column":20},"end":{"line":164,"column":null}},{"start":{"line":165,"column":20},"end":{"line":165,"column":null}}]},"10":{"loc":{"start":{"line":163,"column":16},"end":{"line":163,"column":null}},"type":"binary-expr","locations":[{"start":{"line":163,"column":16},"end":{"line":163,"column":26}},{"start":{"line":163,"column":26},"end":{"line":163,"column":null}}]},"11":{"loc":{"start":{"line":174,"column":9},"end":{"line":174,"column":null}},"type":"binary-expr","locations":[{"start":{"line":174,"column":9},"end":{"line":174,"column":null}}]},"12":{"loc":{"start":{"line":182,"column":21},"end":{"line":182,"column":null}},"type":"binary-expr","locations":[{"start":{"line":182,"column":21},"end":{"line":182,"column":39}},{"start":{"line":182,"column":39},"end":{"line":182,"column":null}}]},"13":{"loc":{"start":{"line":183,"column":49},"end":{"line":183,"column":null}},"type":"binary-expr","locations":[{"start":{"line":183,"column":49},"end":{"line":183,"column":77}},{"start":{"line":183,"column":77},"end":{"line":183,"column":null}}]},"14":{"loc":{"start":{"line":207,"column":20},"end":{"line":207,"column":null}},"type":"binary-expr","locations":[{"start":{"line":207,"column":20},"end":{"line":207,"column":31}},{"start":{"line":207,"column":31},"end":{"line":207,"column":null}}]},"15":{"loc":{"start":{"line":210,"column":11},"end":{"line":210,"column":null}},"type":"cond-expr","locations":[{"start":{"line":210,"column":24},"end":{"line":210,"column":42}},{"start":{"line":210,"column":42},"end":{"line":210,"column":null}}]}},"s":{"0":13,"1":1,"2":1,"3":1,"4":41,"5":41,"6":41,"7":41,"8":41,"9":41,"10":41,"11":41,"12":5,"13":1,"14":4,"15":4,"16":4,"17":4,"18":3,"19":3,"20":1,"21":1,"22":1,"23":0,"24":4,"25":41,"26":1,"27":0,"28":1,"29":1,"30":1,"31":1,"32":1,"33":1,"34":0,"35":0,"36":0,"37":0,"38":0,"39":0,"40":0,"41":1,"42":41,"43":37,"44":12,"45":1,"46":4,"47":1,"48":115,"49":3,"50":1,"51":1},"f":{"0":41,"1":5,"2":1,"3":1,"4":0,"5":12,"6":1,"7":4,"8":1,"9":115,"10":3,"11":1,"12":1},"b":{"0":[1,4],"1":[3,1],"2":[3,1],"3":[0,1],"4":[1,1],"5":[1,0],"6":[1,0],"7":[4,37],"8":[14,23],"9":[22,93],"10":[115,25],"11":[23],"12":[2,1],"13":[1,0],"14":[23,5],"15":[5,18]}}
,"/Users/sujithputta/Projects/Promptwars-1.1/components/MatchWidget.tsx": {"path":"/Users/sujithputta/Projects/Promptwars-1.1/components/MatchWidget.tsx","statementMap":{"0":{"start":{"line":12,"column":24},"end":{"line":12,"column":36}},"1":{"start":{"line":3,"column":36},"end":{"line":3,"column":null}},"2":{"start":{"line":4,"column":48},"end":{"line":4,"column":null}},"3":{"start":{"line":5,"column":41},"end":{"line":5,"column":null}},"4":{"start":{"line":13,"column":38},"end":{"line":13,"column":null}},"5":{"start":{"line":14,"column":44},"end":{"line":14,"column":null}},"6":{"start":{"line":15,"column":38},"end":{"line":15,"column":null}},"7":{"start":{"line":17,"column":2},"end":{"line":36,"column":null}},"8":{"start":{"line":18,"column":29},"end":{"line":30,"column":null}},"9":{"start":{"line":19,"column":20},"end":{"line":19,"column":null}},"10":{"start":{"line":20,"column":6},"end":{"line":20,"column":null}},"11":{"start":{"line":22,"column":6},"end":{"line":29,"column":null}},"12":{"start":{"line":23,"column":21},"end":{"line":23,"column":null}},"13":{"start":{"line":24,"column":8},"end":{"line":24,"column":null}},"14":{"start":{"line":26,"column":8},"end":{"line":28,"column":null}},"15":{"start":{"line":27,"column":10},"end":{"line":27,"column":null}},"16":{"start":{"line":32,"column":4},"end":{"line":32,"column":null}},"17":{"start":{"line":33,"column":21},"end":{"line":33,"column":59}},"18":{"start":{"line":35,"column":4},"end":{"line":35,"column":null}},"19":{"start":{"line":35,"column":17},"end":{"line":35,"column":null}},"20":{"start":{"line":38,"column":2},"end":{"line":38,"column":null}},"21":{"start":{"line":38,"column":19},"end":{"line":38,"column":null}}},"fnMap":{"0":{"name":"MatchWidget","decl":{"start":{"line":12,"column":24},"end":{"line":12,"column":36}},"loc":{"start":{"line":12,"column":102},"end":{"line":137,"column":null}}},"1":{"name":"(anonymous_2)","decl":{"start":{"line":17,"column":12},"end":{"line":17,"column":null}},"loc":{"start":{"line":17,"column":12},"end":{"line":36,"column":5}}},"2":{"name":"(anonymous_3)","decl":{"start":{"line":18,"column":29},"end":{"line":18,"column":null}},"loc":{"start":{"line":18,"column":29},"end":{"line":30,"column":null}}},"3":{"name":"(anonymous_4)","decl":{"start":{"line":35,"column":11},"end":{"line":35,"column":17}},"loc":{"start":{"line":35,"column":17},"end":{"line":35,"column":null}}}},"branchMap":{"0":{"loc":{"start":{"line":12,"column":38},"end":{"line":12,"column":61}},"type":"default-arg","locations":[{"start":{"line":12,"column":60},"end":{"line":12,"column":61}}]},"1":{"loc":{"start":{"line":12,"column":63},"end":{"line":12,"column":82}},"type":"default-arg","locations":[{"start":{"line":12,"column":77},"end":{"line":12,"column":82}}]},"2":{"loc":{"start":{"line":22,"column":6},"end":{"line":29,"column":null}},"type":"if","locations":[{"start":{"line":22,"column":6},"end":{"line":29,"column":null}},{"start":{},"end":{}}]},"3":{"loc":{"start":{"line":26,"column":8},"end":{"line":28,"column":null}},"type":"if","locations":[{"start":{"line":26,"column":8},"end":{"line":28,"column":null}},{"start":{},"end":{}}]},"4":{"loc":{"start":{"line":38,"column":2},"end":{"line":38,"column":null}},"type":"if","locations":[{"start":{"line":38,"column":2},"end":{"line":38,"column":null}},{"start":{},"end":{}}]},"5":{"loc":{"start":{"line":93,"column":7},"end":{"line":93,"column":22}},"type":"binary-expr","locations":[{"start":{"line":93,"column":7},"end":{"line":93,"column":22}},{"start":{"line":93,"column":22},"end":{"line":93,"column":null}}]},"6":{"loc":{"start":{"line":95,"column":10},"end":{"line":97,"column":null}},"type":"cond-expr","locations":[{"start":{"line":96,"column":14},"end":{"line":96,"column":null}},{"start":{"line":97,"column":14},"end":{"line":97,"column":null}}]},"7":{"loc":{"start":{"line":101,"column":14},"end":{"line":103,"column":15}},"type":"cond-expr","locations":[{"start":{"line":101,"column":14},"end":{"line":103,"column":15}}]},"8":{"loc":{"start":{"line":107,"column":16},"end":{"line":107,"column":null}},"type":"cond-expr","locations":[{"start":{"line":107,"column":32},"end":{"line":107,"column":51}},{"start":{"line":107,"column":51},"end":{"line":107,"column":null}}]},"9":{"loc":{"start":{"line":109,"column":17},"end":{"line":109,"column":null}},"type":"cond-expr","locations":[{"start":{"line":109,"column":33},"end":{"line":109,"column":51}},{"start":{"line":109,"column":51},"end":{"line":109,"column":null}}]},"10":{"loc":{"start":{"line":112,"column":17},"end":{"line":115,"column":153}},"type":"cond-expr","locations":[{"start":{"line":113,"column":18},"end":{"line":113,"column":127}},{"start":{"line":115,"column":18},"end":{"line":115,"column":153}}]},"11":{"loc":{"start":{"line":124,"column":7},"end":{"line":124,"column":25}},"type":"binary-expr","locations":[{"start":{"line":124,"column":7},"end":{"line":124,"column":25}},{"start":{"line":124,"column":25},"end":{"line":124,"column":null}}]}},"s":{"0":11,"1":1,"2":1,"3":1,"4":22,"5":22,"6":22,"7":22,"8":11,"9":12,"10":12,"11":12,"12":4,"13":4,"14":4,"15":3,"16":11,"17":11,"18":11,"19":11,"20":22,"21":11},"f":{"0":22,"1":11,"2":12,"3":11},"b":{"0":[12],"1":[12],"2":[4,8],"3":[3,1],"4":[11,11],"5":[11,4],"6":[1,2],"7":[1],"8":[1,2],"9":[1,2],"10":[1,2],"11":[11,3]}}
,"/Users/sujithputta/Projects/Promptwars-1.1/lib/auth-middleware.ts": {"path":"/Users/sujithputta/Projects/Promptwars-1.1/lib/auth-middleware.ts","statementMap":{"0":{"start":{"line":46,"column":22},"end":{"line":46,"column":34}},"1":{"start":{"line":57,"column":16},"end":{"line":57,"column":34}},"2":{"start":{"line":27,"column":22},"end":{"line":27,"column":34}},"3":{"start":{"line":7,"column":24},"end":{"line":7,"column":null}},"4":{"start":{"line":8,"column":45},"end":{"line":8,"column":null}},"5":{"start":{"line":9,"column":35},"end":{"line":9,"column":null}},"6":{"start":{"line":12,"column":28},"end":{"line":16,"column":null}},"7":{"start":{"line":18,"column":0},"end":{"line":22,"column":null}},"8":{"start":{"line":19,"column":2},"end":{"line":21,"column":null}},"9":{"start":{"line":28,"column":2},"end":{"line":40,"column":null}},"10":{"start":{"line":29,"column":23},"end":{"line":29,"column":null}},"11":{"start":{"line":30,"column":4},"end":{"line":32,"column":null}},"12":{"start":{"line":31,"column":6},"end":{"line":31,"column":null}},"13":{"start":{"line":34,"column":18},"end":{"line":34,"column":null}},"14":{"start":{"line":35,"column":25},"end":{"line":35,"column":null}},"15":{"start":{"line":36,"column":4},"end":{"line":36,"column":null}},"16":{"start":{"line":38,"column":4},"end":{"line":38,"column":null}},"17":{"start":{"line":39,"column":4},"end":{"line":39,"column":null}},"18":{"start":{"line":47,"column":15},"end":{"line":47,"column":null}},"19":{"start":{"line":48,"column":2},"end":{"line":50,"column":null}},"20":{"start":{"line":49,"column":4},"end":{"line":49,"column":null}},"21":{"start":{"line":51,"column":2},"end":{"line":51,"column":null}},"22":{"start":{"line":58,"column":16},"end":{"line":58,"column":null}},"23":{"start":{"line":59,"column":24},"end":{"line":59,"column":61}},"24":{"start":{"line":61,"column":2},"end":{"line":63,"column":null}},"25":{"start":{"line":62,"column":4},"end":{"line":62,"column":null}},"26":{"start":{"line":66,"column":2},"end":{"line":66,"column":null}}},"fnMap":{"0":{"name":"verifyToken","decl":{"start":{"line":27,"column":22},"end":{"line":27,"column":34}},"loc":{"start":{"line":27,"column":54},"end":{"line":41,"column":null}}},"1":{"name":"requireAuth","decl":{"start":{"line":46,"column":22},"end":{"line":46,"column":34}},"loc":{"start":{"line":46,"column":54},"end":{"line":52,"column":null}}},"2":{"name":"verifyPubSubToken","decl":{"start":{"line":57,"column":16},"end":{"line":57,"column":34}},"loc":{"start":{"line":57,"column":54},"end":{"line":67,"column":null}}}},"branchMap":{"0":{"loc":{"start":{"line":18,"column":0},"end":{"line":22,"column":null}},"type":"if","locations":[{"start":{"line":18,"column":0},"end":{"line":22,"column":null}},{"start":{},"end":{}}]},"1":{"loc":{"start":{"line":18,"column":4},"end":{"line":18,"column":54}},"type":"binary-expr","locations":[{"start":{"line":18,"column":4},"end":{"line":18,"column":21}},{"start":{"line":18,"column":25},"end":{"line":18,"column":54}}]},"2":{"loc":{"start":{"line":30,"column":4},"end":{"line":32,"column":null}},"type":"if","locations":[{"start":{"line":30,"column":4},"end":{"line":32,"column":null}},{"start":{},"end":{}}]},"3":{"loc":{"start":{"line":48,"column":2},"end":{"line":50,"column":null}},"type":"if","locations":[{"start":{"line":48,"column":2},"end":{"line":50,"column":null}},{"start":{},"end":{}}]},"4":{"loc":{"start":{"line":61,"column":2},"end":{"line":63,"column":null}},"type":"if","locations":[{"start":{"line":61,"column":2},"end":{"line":63,"column":null}},{"start":{},"end":{}}]},"5":{"loc":{"start":{"line":61,"column":6},"end":{"line":61,"column":32}},"type":"binary-expr","locations":[{"start":{"line":61,"column":6},"end":{"line":61,"column":16}},{"start":{"line":61,"column":16},"end":{"line":61,"column":32}}]}},"s":{"0":4,"1":8,"2":18,"3":1,"4":1,"5":1,"6":1,"7":1,"8":0,"9":22,"10":22,"11":22,"12":5,"13":17,"14":17,"15":13,"16":4,"17":4,"18":4,"19":4,"20":3,"21":1,"22":8,"23":8,"24":8,"25":4,"26":4},"f":{"0":22,"1":4,"2":8},"b":{"0":[0,1],"1":[1,0],"2":[5,17],"3":[3,1],"4":[4,4],"5":[8,5]}}
,"/Users/sujithputta/Projects/Promptwars-1.1/lib/bigquery.ts": {"path":"/Users/sujithputta/Projects/Promptwars-1.1/lib/bigquery.ts","statementMap":{"0":{"start":{"line":37,"column":13},"end":{"line":37,"column":31}},"1":{"start":{"line":1,"column":25},"end":{"line":1,"column":null}},"2":{"start":{"line":3,"column":17},"end":{"line":3,"column":null}},"3":{"start":{"line":9,"column":33},"end":{"line":9,"column":null}},"4":{"start":{"line":12,"column":2},"end":{"line":12,"column":null}},"5":{"start":{"line":12,"column":17},"end":{"line":12,"column":null}},"6":{"start":{"line":14,"column":2},"end":{"line":14,"column":null}},"7":{"start":{"line":16,"column":2},"end":{"line":25,"column":null}},"8":{"start":{"line":17,"column":20},"end":{"line":17,"column":null}},"9":{"start":{"line":18,"column":4},"end":{"line":21,"column":null}},"10":{"start":{"line":23,"column":4},"end":{"line":23,"column":null}},"11":{"start":{"line":24,"column":4},"end":{"line":24,"column":null}},"12":{"start":{"line":27,"column":2},"end":{"line":27,"column":null}},"13":{"start":{"line":30,"column":19},"end":{"line":30,"column":null}},"14":{"start":{"line":31,"column":17},"end":{"line":31,"column":null}},"15":{"start":{"line":34,"column":19},"end":{"line":34,"column":null}},"16":{"start":{"line":35,"column":24},"end":{"line":35,"column":30}},"17":{"start":{"line":37,"column":31},"end":{"line":139,"column":null}},"18":{"start":{"line":49,"column":4},"end":{"line":68,"column":null}},"19":{"start":{"line":50,"column":17},"end":{"line":50,"column":null}},"20":{"start":{"line":51,"column":22},"end":{"line":51,"column":null}},"21":{"start":{"line":52,"column":20},"end":{"line":52,"column":null}},"22":{"start":{"line":54,"column":18},"end":{"line":61,"column":null}},"23":{"start":{"line":63,"column":6},"end":{"line":63,"column":null}},"24":{"start":{"line":64,"column":6},"end":{"line":64,"column":null}},"25":{"start":{"line":67,"column":6},"end":{"line":67,"column":null}},"26":{"start":{"line":75,"column":15},"end":{"line":75,"column":null}},"27":{"start":{"line":76,"column":18},"end":{"line":86,"column":5}},"28":{"start":{"line":88,"column":20},"end":{"line":91,"column":null}},"29":{"start":{"line":93,"column":19},"end":{"line":93,"column":null}},"30":{"start":{"line":94,"column":4},"end":{"line":94,"column":null}},"31":{"start":{"line":105,"column":4},"end":{"line":137,"column":null}},"32":{"start":{"line":106,"column":23},"end":{"line":106,"column":null}},"33":{"start":{"line":107,"column":18},"end":{"line":107,"column":null}},"34":{"start":{"line":108,"column":6},"end":{"line":113,"column":null}},"35":{"start":{"line":109,"column":23},"end":{"line":109,"column":null}},"36":{"start":{"line":110,"column":8},"end":{"line":112,"column":null}},"37":{"start":{"line":111,"column":10},"end":{"line":111,"column":null}},"38":{"start":{"line":115,"column":17},"end":{"line":115,"column":null}},"39":{"start":{"line":116,"column":20},"end":{"line":121,"column":7}},"40":{"start":{"line":123,"column":22},"end":{"line":127,"column":null}},"41":{"start":{"line":129,"column":21},"end":{"line":129,"column":null}},"42":{"start":{"line":130,"column":20},"end":{"line":130,"column":null}},"43":{"start":{"line":132,"column":6},"end":{"line":132,"column":null}},"44":{"start":{"line":133,"column":6},"end":{"line":133,"column":null}},"45":{"start":{"line":135,"column":7},"end":{"line":135,"column":null}},"46":{"start":{"line":136,"column":7},"end":{"line":136,"column":null}}},"fnMap":{"0":{"name":"getBigQueryClient","decl":{"start":{"line":11,"column":9},"end":{"line":11,"column":null}},"loc":{"start":{"line":11,"column":9},"end":{"line":28,"column":null}}},"1":{"name":"(anonymous_3)","decl":{"start":{"line":43,"column":2},"end":{"line":43,"column":8}},"loc":{"start":{"line":48,"column":3},"end":{"line":69,"column":null}}},"2":{"name":"(anonymous_4)","decl":{"start":{"line":74,"column":2},"end":{"line":74,"column":8}},"loc":{"start":{"line":74,"column":8},"end":{"line":95,"column":null}}},"3":{"name":"(anonymous_5)","decl":{"start":{"line":104,"column":2},"end":{"line":104,"column":8}},"loc":{"start":{"line":104,"column":49},"end":{"line":138,"column":null}}}},"branchMap":{"0":{"loc":{"start":{"line":12,"column":2},"end":{"line":12,"column":null}},"type":"if","locations":[{"start":{"line":12,"column":2},"end":{"line":12,"column":null}},{"start":{},"end":{}}]},"1":{"loc":{"start":{"line":59,"column":27},"end":{"line":59,"column":null}},"type":"binary-expr","locations":[{"start":{"line":59,"column":27},"end":{"line":59,"column":50}},{"start":{"line":59,"column":50},"end":{"line":59,"column":78}},{"start":{"line":59,"column":78},"end":{"line":59,"column":null}}]},"2":{"loc":{"start":{"line":94,"column":11},"end":{"line":94,"column":null}},"type":"binary-expr","locations":[{"start":{"line":94,"column":11},"end":{"line":94,"column":18}},{"start":{"line":94,"column":22},"end":{"line":94,"column":null}}]},"3":{"loc":{"start":{"line":108,"column":6},"end":{"line":113,"column":null}},"type":"if","locations":[{"start":{"line":108,"column":6},"end":{"line":113,"column":null}},{"start":{},"end":{}}]},"4":{"loc":{"start":{"line":110,"column":8},"end":{"line":112,"column":null}},"type":"if","locations":[{"start":{"line":110,"column":8},"end":{"line":112,"column":null}},{"start":{},"end":{}}]},"5":{"loc":{"start":{"line":130,"column":20},"end":{"line":130,"column":null}},"type":"binary-expr","locations":[{"start":{"line":130,"column":20},"end":{"line":130,"column":45}},{"start":{"line":130,"column":45},"end":{"line":130,"column":null}}]}},"s":{"0":8,"1":1,"2":1,"3":1,"4":7,"5":6,"6":1,"7":1,"8":1,"9":1,"10":0,"11":0,"12":1,"13":1,"14":1,"15":1,"16":1,"17":1,"18":2,"19":2,"20":2,"21":2,"22":2,"23":2,"24":2,"25":0,"26":2,"27":2,"28":2,"29":2,"30":2,"31":4,"32":4,"33":4,"34":4,"35":1,"36":1,"37":1,"38":3,"39":3,"40":3,"41":3,"42":2,"43":2,"44":2,"45":1,"46":1},"f":{"0":7,"1":2,"2":2,"3":4},"b":{"0":[6,1],"1":[2,1,1],"2":[2,1],"3":[1,3],"4":[1,0],"5":[2,0]}}
,"/Users/sujithputta/Projects/Promptwars-1.1/lib/db.ts": {"path":"/Users/sujithputta/Projects/Promptwars-1.1/lib/db.ts","statementMap":{"0":{"start":{"line":69,"column":13},"end":{"line":69,"column":29}},"1":{"start":{"line":132,"column":13},"end":{"line":132,"column":31}},"2":{"start":{"line":165,"column":13},"end":{"line":165,"column":33}},"3":{"start":{"line":8,"column":7},"end":{"line":8,"column":null}},"4":{"start":{"line":9,"column":19},"end":{"line":9,"column":null}},"5":{"start":{"line":69,"column":29},"end":{"line":127,"column":null}},"6":{"start":{"line":70,"column":19},"end":{"line":70,"column":null}},"7":{"start":{"line":71,"column":20},"end":{"line":71,"column":null}},"8":{"start":{"line":73,"column":2},"end":{"line":126,"column":null}},"9":{"start":{"line":74,"column":4},"end":{"line":74,"column":null}},"10":{"start":{"line":75,"column":4},"end":{"line":125,"column":null}},"11":{"start":{"line":132,"column":31},"end":{"line":163,"column":null}},"12":{"start":{"line":133,"column":18},"end":{"line":133,"column":null}},"13":{"start":{"line":134,"column":19},"end":{"line":134,"column":null}},"14":{"start":{"line":136,"column":2},"end":{"line":160,"column":null}},"15":{"start":{"line":137,"column":4},"end":{"line":137,"column":null}},"16":{"start":{"line":138,"column":36},"end":{"line":157,"column":null}},"17":{"start":{"line":158,"column":4},"end":{"line":158,"column":null}},"18":{"start":{"line":159,"column":4},"end":{"line":159,"column":null}},"19":{"start":{"line":162,"column":2},"end":{"line":162,"column":null}},"20":{"start":{"line":165,"column":33},"end":{"line":168,"column":null}},"21":{"start":{"line":166,"column":18},"end":{"line":166,"column":null}},"22":{"start":{"line":167,"column":2},"end":{"line":167,"column":null}}},"fnMap":{"0":{"name":"(anonymous_4)","decl":{"start":{"line":69,"column":29},"end":{"line":69,"column":null}},"loc":{"start":{"line":69,"column":29},"end":{"line":127,"column":null}}},"1":{"name":"(anonymous_5)","decl":{"start":{"line":132,"column":31},"end":{"line":132,"column":38}},"loc":{"start":{"line":132,"column":51},"end":{"line":163,"column":null}}},"2":{"name":"(anonymous_6)","decl":{"start":{"line":165,"column":33},"end":{"line":165,"column":40}},"loc":{"start":{"line":165,"column":67},"end":{"line":168,"column":null}}}},"branchMap":{"0":{"loc":{"start":{"line":73,"column":2},"end":{"line":126,"column":null}},"type":"if","locations":[{"start":{"line":73,"column":2},"end":{"line":126,"column":null}},{"start":{},"end":{}}]},"1":{"loc":{"start":{"line":136,"column":2},"end":{"line":160,"column":null}},"type":"if","locations":[{"start":{"line":136,"column":2},"end":{"line":160,"column":null}},{"start":{},"end":{}}]}},"s":{"0":4,"1":4,"2":3,"3":1,"4":1,"5":1,"6":4,"7":4,"8":4,"9":3,"10":3,"11":1,"12":4,"13":4,"14":4,"15":3,"16":3,"17":3,"18":3,"19":1,"20":1,"21":3,"22":3},"f":{"0":4,"1":4,"2":3},"b":{"0":[3,1],"1":[3,1]}}
,"/Users/sujithputta/Projects/Promptwars-1.1/lib/gemini.ts": {"path":"/Users/sujithputta/Projects/Promptwars-1.1/lib/gemini.ts","statementMap":{"0":{"start":{"line":14,"column":13},"end":{"line":14,"column":29}},"1":{"start":{"line":1,"column":27},"end":{"line":1,"column":null}},"2":{"start":{"line":2,"column":17},"end":{"line":2,"column":null}},"3":{"start":{"line":3,"column":34},"end":{"line":3,"column":null}},"4":{"start":{"line":10,"column":19},"end":{"line":10,"column":null}},"5":{"start":{"line":11,"column":17},"end":{"line":11,"column":null}},"6":{"start":{"line":12,"column":17},"end":{"line":12,"column":null}},"7":{"start":{"line":14,"column":29},"end":{"line":99,"column":null}},"8":{"start":{"line":29,"column":4},"end":{"line":97,"column":null}},"9":{"start":{"line":31,"column":22},"end":{"line":31,"column":null}},"10":{"start":{"line":32,"column":19},"end":{"line":35,"column":null}},"11":{"start":{"line":36,"column":21},"end":{"line":36,"column":null}},"12":{"start":{"line":37,"column":28},"end":{"line":37,"column":null}},"13":{"start":{"line":38,"column":26},"end":{"line":38,"column":45}},"14":{"start":{"line":40,"column":6},"end":{"line":40,"column":null}},"15":{"start":{"line":40,"column":24},"end":{"line":40,"column":null}},"16":{"start":{"line":43,"column":18},"end":{"line":43,"column":null}},"17":{"start":{"line":45,"column":21},"end":{"line":56,"column":7}},"18":{"start":{"line":58,"column":19},"end":{"line":66,"column":null}},"19":{"start":{"line":69,"column":23},"end":{"line":76,"column":null}},"20":{"start":{"line":78,"column":6},"end":{"line":82,"column":null}},"21":{"start":{"line":79,"column":24},"end":{"line":79,"column":null}},"22":{"start":{"line":80,"column":8},"end":{"line":80,"column":null}},"23":{"start":{"line":81,"column":8},"end":{"line":81,"column":null}},"24":{"start":{"line":84,"column":19},"end":{"line":84,"column":null}},"25":{"start":{"line":87,"column":19},"end":{"line":88,"column":null}},"26":{"start":{"line":90,"column":6},"end":{"line":90,"column":null}},"27":{"start":{"line":90,"column":17},"end":{"line":90,"column":null}},"28":{"start":{"line":92,"column":6},"end":{"line":92,"column":null}},"29":{"start":{"line":93,"column":6},"end":{"line":93,"column":null}},"30":{"start":{"line":95,"column":6},"end":{"line":95,"column":null}},"31":{"start":{"line":96,"column":6},"end":{"line":96,"column":null}}},"fnMap":{"0":{"name":"(anonymous_2)","decl":{"start":{"line":22,"column":2},"end":{"line":22,"column":8}},"loc":{"start":{"line":28,"column":3},"end":{"line":98,"column":null}}}},"branchMap":{"0":{"loc":{"start":{"line":10,"column":19},"end":{"line":10,"column":null}},"type":"binary-expr","locations":[{"start":{"line":10,"column":19},"end":{"line":10,"column":62}},{"start":{"line":10,"column":66},"end":{"line":10,"column":null}}]},"1":{"loc":{"start":{"line":40,"column":6},"end":{"line":40,"column":null}},"type":"if","locations":[{"start":{"line":40,"column":6},"end":{"line":40,"column":null}},{"start":{},"end":{}}]},"2":{"loc":{"start":{"line":52,"column":19},"end":{"line":52,"column":65}},"type":"cond-expr","locations":[{"start":{"line":52,"column":37},"end":{"line":52,"column":56}},{"start":{"line":52,"column":56},"end":{"line":52,"column":65}}]},"3":{"loc":{"start":{"line":78,"column":6},"end":{"line":82,"column":null}},"type":"if","locations":[{"start":{"line":78,"column":6},"end":{"line":82,"column":null}},{"start":{},"end":{}}]},"4":{"loc":{"start":{"line":87,"column":19},"end":{"line":88,"column":null}},"type":"binary-expr","locations":[{"start":{"line":87,"column":19},"end":{"line":87,"column":null}},{"start":{"line":88,"column":19},"end":{"line":88,"column":null}}]},"5":{"loc":{"start":{"line":90,"column":6},"end":{"line":90,"column":null}},"type":"if","locations":[{"start":{"line":90,"column":6},"end":{"line":90,"column":null}},{"start":{},"end":{}}]}},"s":{"0":8,"1":1,"2":1,"3":1,"4":1,"5":1,"6":1,"7":1,"8":7,"9":7,"10":7,"11":7,"12":7,"13":6,"14":6,"15":1,"16":5,"17":5,"18":5,"19":5,"20":4,"21":1,"22":1,"23":1,"24":3,"25":3,"26":3,"27":1,"28":2,"29":2,"30":5,"31":5},"f":{"0":7},"b":{"0":[1,1],"1":[1,5],"2":[5,0],"3":[1,3],"4":[3,2],"5":[1,2]}}
,"/Users/sujithputta/Projects/Promptwars-1.1/lib/rate-limiter.ts": {"path":"/Users/sujithputta/Projects/Promptwars-1.1/lib/rate-limiter.ts","statementMap":{"0":{"start":{"line":31,"column":16},"end":{"line":31,"column":28}},"1":{"start":{"line":72,"column":16},"end":{"line":72,"column":37}},"2":{"start":{"line":89,"column":16},"end":{"line":89,"column":29}},"3":{"start":{"line":42,"column":16},"end":{"line":42,"column":30}},"4":{"start":{"line":12,"column":21},"end":{"line":12,"column":null}},"5":{"start":{"line":14,"column":14},"end":{"line":14,"column":19}},"6":{"start":{"line":15,"column":18},"end":{"line":15,"column":29}},"7":{"start":{"line":16,"column":25},"end":{"line":16,"column":40}},"8":{"start":{"line":19,"column":0},"end":{"line":26,"column":null}},"9":{"start":{"line":20,"column":14},"end":{"line":20,"column":null}},"10":{"start":{"line":21,"column":2},"end":{"line":25,"column":null}},"11":{"start":{"line":22,"column":4},"end":{"line":24,"column":null}},"12":{"start":{"line":23,"column":6},"end":{"line":23,"column":null}},"13":{"start":{"line":32,"column":20},"end":{"line":32,"column":null}},"14":{"start":{"line":33,"column":2},"end":{"line":35,"column":null}},"15":{"start":{"line":34,"column":4},"end":{"line":34,"column":null}},"16":{"start":{"line":36,"column":2},"end":{"line":36,"column":null}},"17":{"start":{"line":43,"column":14},"end":{"line":43,"column":null}},"18":{"start":{"line":44,"column":14},"end":{"line":44,"column":null}},"19":{"start":{"line":46,"column":2},"end":{"line":55,"column":null}},"20":{"start":{"line":48,"column":4},"end":{"line":52,"column":null}},"21":{"start":{"line":53,"column":4},"end":{"line":53,"column":null}},"22":{"start":{"line":54,"column":4},"end":{"line":54,"column":null}},"23":{"start":{"line":58,"column":2},"end":{"line":58,"column":null}},"24":{"start":{"line":58,"column":51},"end":{"line":58,"column":null}},"25":{"start":{"line":60,"column":2},"end":{"line":62,"column":null}},"26":{"start":{"line":61,"column":4},"end":{"line":61,"column":null}},"27":{"start":{"line":64,"column":2},"end":{"line":64,"column":null}},"28":{"start":{"line":65,"column":2},"end":{"line":65,"column":null}},"29":{"start":{"line":66,"column":2},"end":{"line":66,"column":null}},"30":{"start":{"line":73,"column":16},"end":{"line":73,"column":null}},"31":{"start":{"line":74,"column":2},"end":{"line":76,"column":null}},"32":{"start":{"line":75,"column":4},"end":{"line":75,"column":null}},"33":{"start":{"line":78,"column":14},"end":{"line":78,"column":null}},"34":{"start":{"line":79,"column":2},"end":{"line":81,"column":null}},"35":{"start":{"line":80,"column":4},"end":{"line":80,"column":null}},"36":{"start":{"line":83,"column":2},"end":{"line":83,"column":null}},"37":{"start":{"line":90,"column":16},"end":{"line":90,"column":null}},"38":{"start":{"line":91,"column":2},"end":{"line":91,"column":null}}},"fnMap":{"0":{"name":"(anonymous_5)","decl":{"start":{"line":19,"column":12},"end":{"line":19,"column":null}},"loc":{"start":{"line":19,"column":12},"end":{"line":26,"column":3}}},"1":{"name":"getClientIp","decl":{"start":{"line":31,"column":16},"end":{"line":31,"column":28}},"loc":{"start":{"line":31,"column":44},"end":{"line":37,"column":null}}},"2":{"name":"isRateLimited","decl":{"start":{"line":42,"column":16},"end":{"line":42,"column":30}},"loc":{"start":{"line":42,"column":40},"end":{"line":67,"column":null}}},"3":{"name":"(anonymous_8)","decl":{"start":{"line":58,"column":41},"end":{"line":58,"column":42}},"loc":{"start":{"line":58,"column":51},"end":{"line":58,"column":null}}},"4":{"name":"getRemainingRequests","decl":{"start":{"line":72,"column":16},"end":{"line":72,"column":37}},"loc":{"start":{"line":72,"column":47},"end":{"line":84,"column":null}}},"5":{"name":"getResetTime","decl":{"start":{"line":89,"column":16},"end":{"line":89,"column":29}},"loc":{"start":{"line":89,"column":39},"end":{"line":92,"column":null}}}},"branchMap":{"0":{"loc":{"start":{"line":22,"column":4},"end":{"line":24,"column":null}},"type":"if","locations":[{"start":{"line":22,"column":4},"end":{"line":24,"column":null}},{"start":{},"end":{}}]},"1":{"loc":{"start":{"line":33,"column":2},"end":{"line":35,"column":null}},"type":"if","locations":[{"start":{"line":33,"column":2},"end":{"line":35,"column":null}},{"start":{},"end":{}}]},"2":{"loc":{"start":{"line":36,"column":9},"end":{"line":36,"column":null}},"type":"binary-expr","locations":[{"start":{"line":36,"column":9},"end":{"line":36,"column":37}},{"start":{"line":36,"column":37},"end":{"line":36,"column":null}}]},"3":{"loc":{"start":{"line":46,"column":2},"end":{"line":55,"column":null}},"type":"if","locations":[{"start":{"line":46,"column":2},"end":{"line":55,"column":null}},{"start":{},"end":{}}]},"4":{"loc":{"start":{"line":46,"column":6},"end":{"line":46,"column":37}},"type":"binary-expr","locations":[{"start":{"line":46,"column":6},"end":{"line":46,"column":16}},{"start":{"line":46,"column":16},"end":{"line":46,"column":37}}]},"5":{"loc":{"start":{"line":60,"column":2},"end":{"line":62,"column":null}},"type":"if","locations":[{"start":{"line":60,"column":2},"end":{"line":62,"column":null}},{"start":{},"end":{}}]},"6":{"loc":{"start":{"line":74,"column":2},"end":{"line":76,"column":null}},"type":"if","locations":[{"start":{"line":74,"column":2},"end":{"line":76,"column":null}},{"start":{},"end":{}}]},"7":{"loc":{"start":{"line":79,"column":2},"end":{"line":81,"column":null}},"type":"if","locations":[{"start":{"line":79,"column":2},"end":{"line":81,"column":null}},{"start":{},"end":{}}]},"8":{"loc":{"start":{"line":91,"column":9},"end":{"line":91,"column":null}},"type":"binary-expr","locations":[{"start":{"line":91,"column":9},"end":{"line":91,"column":29}},{"start":{"line":91,"column":29},"end":{"line":91,"column":null}}]}},"s":{"0":5,"1":6,"2":4,"3":574,"4":1,"5":1,"6":1,"7":1,"8":1,"9":0,"10":0,"11":0,"12":0,"13":5,"14":5,"15":3,"16":2,"17":573,"18":573,"19":573,"20":15,"21":15,"22":15,"23":558,"24":26520,"25":558,"26":5,"27":553,"28":553,"29":553,"30":6,"31":6,"32":1,"33":5,"34":5,"35":0,"36":5,"37":4,"38":4},"f":{"0":0,"1":5,"2":573,"3":26520,"4":6,"5":4},"b":{"0":[0,0],"1":[3,2],"2":[2,1],"3":[15,558],"4":[573,560],"5":[5,553],"6":[1,5],"7":[0,5],"8":[4,0]}}
,"/Users/sujithputta/Projects/Promptwars-1.1/lib/validation.ts": {"path":"/Users/sujithputta/Projects/Promptwars-1.1/lib/validation.ts","statementMap":{"0":{"start":{"line":8,"column":13},"end":{"line":8,"column":37}},"1":{"start":{"line":17,"column":13},"end":{"line":17,"column":26}},"2":{"start":{"line":191,"column":16},"end":{"line":191,"column":null}},"3":{"start":{"line":13,"column":4},"end":{"line":11,"column":26}},"4":{"start":{"line":17,"column":26},"end":{"line":186,"column":null}},"5":{"start":{"line":22,"column":4},"end":{"line":24,"column":null}},"6":{"start":{"line":23,"column":6},"end":{"line":23,"column":null}},"7":{"start":{"line":26,"column":25},"end":{"line":26,"column":null}},"8":{"start":{"line":28,"column":4},"end":{"line":30,"column":null}},"9":{"start":{"line":29,"column":6},"end":{"line":29,"column":null}},"10":{"start":{"line":32,"column":4},"end":{"line":34,"column":null}},"11":{"start":{"line":33,"column":6},"end":{"line":33,"column":null}},"12":{"start":{"line":36,"column":4},"end":{"line":36,"column":null}},"13":{"start":{"line":43,"column":4},"end":{"line":45,"column":null}},"14":{"start":{"line":44,"column":6},"end":{"line":44,"column":null}},"15":{"start":{"line":47,"column":4},"end":{"line":49,"column":null}},"16":{"start":{"line":48,"column":6},"end":{"line":48,"column":null}},"17":{"start":{"line":51,"column":4},"end":{"line":51,"column":null}},"18":{"start":{"line":58,"column":4},"end":{"line":60,"column":null}},"19":{"start":{"line":59,"column":6},"end":{"line":59,"column":null}},"20":{"start":{"line":62,"column":4},"end":{"line":64,"column":null}},"21":{"start":{"line":63,"column":6},"end":{"line":63,"column":null}},"22":{"start":{"line":66,"column":4},"end":{"line":66,"column":null}},"23":{"start":{"line":73,"column":23},"end":{"line":73,"column":null}},"24":{"start":{"line":75,"column":4},"end":{"line":77,"column":null}},"25":{"start":{"line":76,"column":6},"end":{"line":76,"column":null}},"26":{"start":{"line":79,"column":4},"end":{"line":79,"column":null}},"27":{"start":{"line":86,"column":4},"end":{"line":88,"column":null}},"28":{"start":{"line":87,"column":6},"end":{"line":87,"column":null}},"29":{"start":{"line":90,"column":4},"end":{"line":94,"column":null}},"30":{"start":{"line":101,"column":4},"end":{"line":103,"column":null}},"31":{"start":{"line":102,"column":6},"end":{"line":102,"column":null}},"32":{"start":{"line":105,"column":23},"end":{"line":105,"column":null}},"33":{"start":{"line":106,"column":4},"end":{"line":108,"column":null}},"34":{"start":{"line":107,"column":6},"end":{"line":107,"column":null}},"35":{"start":{"line":110,"column":4},"end":{"line":112,"column":null}},"36":{"start":{"line":111,"column":6},"end":{"line":111,"column":null}},"37":{"start":{"line":114,"column":4},"end":{"line":119,"column":null}},"38":{"start":{"line":126,"column":4},"end":{"line":128,"column":null}},"39":{"start":{"line":127,"column":6},"end":{"line":127,"column":null}},"40":{"start":{"line":130,"column":23},"end":{"line":130,"column":null}},"41":{"start":{"line":131,"column":4},"end":{"line":133,"column":null}},"42":{"start":{"line":132,"column":6},"end":{"line":132,"column":null}},"43":{"start":{"line":135,"column":4},"end":{"line":135,"column":null}},"44":{"start":{"line":142,"column":4},"end":{"line":144,"column":null}},"45":{"start":{"line":143,"column":6},"end":{"line":143,"column":null}},"46":{"start":{"line":146,"column":4},"end":{"line":148,"column":null}},"47":{"start":{"line":147,"column":6},"end":{"line":147,"column":null}},"48":{"start":{"line":150,"column":4},"end":{"line":150,"column":null}},"49":{"start":{"line":157,"column":4},"end":{"line":159,"column":null}},"50":{"start":{"line":158,"column":6},"end":{"line":158,"column":null}},"51":{"start":{"line":161,"column":4},"end":{"line":163,"column":null}},"52":{"start":{"line":162,"column":6},"end":{"line":162,"column":null}},"53":{"start":{"line":165,"column":4},"end":{"line":167,"column":null}},"54":{"start":{"line":166,"column":6},"end":{"line":166,"column":null}},"55":{"start":{"line":169,"column":4},"end":{"line":169,"column":null}},"56":{"start":{"line":176,"column":4},"end":{"line":178,"column":null}},"57":{"start":{"line":177,"column":6},"end":{"line":177,"column":null}},"58":{"start":{"line":180,"column":4},"end":{"line":182,"column":null}},"59":{"start":{"line":181,"column":6},"end":{"line":181,"column":null}},"60":{"start":{"line":184,"column":4},"end":{"line":184,"column":null}},"61":{"start":{"line":195,"column":2},"end":{"line":200,"column":null}},"62":{"start":{"line":196,"column":4},"end":{"line":196,"column":null}},"63":{"start":{"line":198,"column":4},"end":{"line":198,"column":null}},"64":{"start":{"line":199,"column":4},"end":{"line":199,"column":null}}},"fnMap":{"0":{"name":"(anonymous_4)","decl":{"start":{"line":9,"column":2},"end":{"line":9,"column":null}},"loc":{"start":{"line":12,"column":4},"end":{"line":14,"column":null}}},"1":{"name":"(anonymous_5)","decl":{"start":{"line":21,"column":2},"end":{"line":21,"column":11}},"loc":{"start":{"line":21,"column":21},"end":{"line":37,"column":null}}},"2":{"name":"(anonymous_6)","decl":{"start":{"line":42,"column":2},"end":{"line":42,"column":13}},"loc":{"start":{"line":42,"column":23},"end":{"line":52,"column":null}}},"3":{"name":"(anonymous_7)","decl":{"start":{"line":57,"column":2},"end":{"line":57,"column":11}},"loc":{"start":{"line":57,"column":21},"end":{"line":67,"column":null}}},"4":{"name":"(anonymous_8)","decl":{"start":{"line":72,"column":2},"end":{"line":72,"column":15}},"loc":{"start":{"line":72,"column":25},"end":{"line":80,"column":null}}},"5":{"name":"(anonymous_9)","decl":{"start":{"line":85,"column":2},"end":{"line":85,"column":20}},"loc":{"start":{"line":85,"column":30},"end":{"line":95,"column":null}}},"6":{"name":"(anonymous_10)","decl":{"start":{"line":100,"column":2},"end":{"line":100,"column":14}},"loc":{"start":{"line":100,"column":24},"end":{"line":120,"column":null}}},"7":{"name":"(anonymous_11)","decl":{"start":{"line":125,"column":2},"end":{"line":125,"column":8}},"loc":{"start":{"line":125,"column":18},"end":{"line":136,"column":null}}},"8":{"name":"(anonymous_12)","decl":{"start":{"line":141,"column":2},"end":{"line":141,"column":11}},"loc":{"start":{"line":141,"column":21},"end":{"line":151,"column":null}}},"9":{"name":"(anonymous_13)","decl":{"start":{"line":156,"column":2},"end":{"line":156,"column":9}},"loc":{"start":{"line":156,"column":68},"end":{"line":170,"column":null}}},"10":{"name":"(anonymous_14)","decl":{"start":{"line":175,"column":2},"end":{"line":175,"column":9}},"loc":{"start":{"line":175,"column":68},"end":{"line":185,"column":null}}},"11":{"name":"validateSafe","decl":{"start":{"line":191,"column":16},"end":{"line":191,"column":null}},"loc":{"start":{"line":193,"column":31},"end":{"line":201,"column":null}}}},"branchMap":{"0":{"loc":{"start":{"line":22,"column":4},"end":{"line":24,"column":null}},"type":"if","locations":[{"start":{"line":22,"column":4},"end":{"line":24,"column":null}},{"start":{},"end":{}}]},"1":{"loc":{"start":{"line":22,"column":8},"end":{"line":22,"column":45}},"type":"binary-expr","locations":[{"start":{"line":22,"column":8},"end":{"line":22,"column":18}},{"start":{"line":22,"column":18},"end":{"line":22,"column":45}}]},"2":{"loc":{"start":{"line":28,"column":4},"end":{"line":30,"column":null}},"type":"if","locations":[{"start":{"line":28,"column":4},"end":{"line":30,"column":null}},{"start":{},"end":{}}]},"3":{"loc":{"start":{"line":28,"column":8},"end":{"line":28,"column":58}},"type":"binary-expr","locations":[{"start":{"line":28,"column":8},"end":{"line":28,"column":35}},{"start":{"line":28,"column":35},"end":{"line":28,"column":48}},{"start":{"line":28,"column":48},"end":{"line":28,"column":58}}]},"4":{"loc":{"start":{"line":32,"column":4},"end":{"line":34,"column":null}},"type":"if","locations":[{"start":{"line":32,"column":4},"end":{"line":34,"column":null}},{"start":{},"end":{}}]},"5":{"loc":{"start":{"line":32,"column":8},"end":{"line":32,"column":60}},"type":"binary-expr","locations":[{"start":{"line":32,"column":8},"end":{"line":32,"column":35}},{"start":{"line":32,"column":35},"end":{"line":32,"column":49}},{"start":{"line":32,"column":49},"end":{"line":32,"column":60}}]},"6":{"loc":{"start":{"line":43,"column":4},"end":{"line":45,"column":null}},"type":"if","locations":[{"start":{"line":43,"column":4},"end":{"line":45,"column":null}},{"start":{},"end":{}}]},"7":{"loc":{"start":{"line":43,"column":8},"end":{"line":43,"column":57}},"type":"binary-expr","locations":[{"start":{"line":43,"column":8},"end":{"line":43,"column":37}},{"start":{"line":43,"column":37},"end":{"line":43,"column":57}}]},"8":{"loc":{"start":{"line":47,"column":4},"end":{"line":49,"column":null}},"type":"if","locations":[{"start":{"line":47,"column":4},"end":{"line":49,"column":null}},{"start":{},"end":{}}]},"9":{"loc":{"start":{"line":58,"column":4},"end":{"line":60,"column":null}},"type":"if","locations":[{"start":{"line":58,"column":4},"end":{"line":60,"column":null}},{"start":{},"end":{}}]},"10":{"loc":{"start":{"line":62,"column":4},"end":{"line":64,"column":null}},"type":"if","locations":[{"start":{"line":62,"column":4},"end":{"line":64,"column":null}},{"start":{},"end":{}}]},"11":{"loc":{"start":{"line":62,"column":8},"end":{"line":62,"column":35}},"type":"binary-expr","locations":[{"start":{"line":62,"column":8},"end":{"line":62,"column":21}},{"start":{"line":62,"column":21},"end":{"line":62,"column":35}}]},"12":{"loc":{"start":{"line":75,"column":4},"end":{"line":77,"column":null}},"type":"if","locations":[{"start":{"line":75,"column":4},"end":{"line":77,"column":null}},{"start":{},"end":{}}]},"13":{"loc":{"start":{"line":86,"column":4},"end":{"line":88,"column":null}},"type":"if","locations":[{"start":{"line":86,"column":4},"end":{"line":88,"column":null}},{"start":{},"end":{}}]},"14":{"loc":{"start":{"line":86,"column":8},"end":{"line":86,"column":45}},"type":"binary-expr","locations":[{"start":{"line":86,"column":8},"end":{"line":86,"column":18}},{"start":{"line":86,"column":18},"end":{"line":86,"column":45}}]},"15":{"loc":{"start":{"line":101,"column":4},"end":{"line":103,"column":null}},"type":"if","locations":[{"start":{"line":101,"column":4},"end":{"line":103,"column":null}},{"start":{},"end":{}}]},"16":{"loc":{"start":{"line":101,"column":8},"end":{"line":101,"column":45}},"type":"binary-expr","locations":[{"start":{"line":101,"column":8},"end":{"line":101,"column":18}},{"start":{"line":101,"column":18},"end":{"line":101,"column":45}}]},"17":{"loc":{"start":{"line":106,"column":4},"end":{"line":108,"column":null}},"type":"if","locations":[{"start":{"line":106,"column":4},"end":{"line":108,"column":null}},{"start":{},"end":{}}]},"18":{"loc":{"start":{"line":110,"column":4},"end":{"line":112,"column":null}},"type":"if","locations":[{"start":{"line":110,"column":4},"end":{"line":112,"column":null}},{"start":{},"end":{}}]},"19":{"loc":{"start":{"line":110,"column":8},"end":{"line":110,"column":61}},"type":"binary-expr","locations":[{"start":{"line":110,"column":8},"end":{"line":110,"column":22}},{"start":{"line":110,"column":26},"end":{"line":110,"column":61}}]},"20":{"loc":{"start":{"line":117,"column":17},"end":{"line":117,"column":null}},"type":"binary-expr","locations":[{"start":{"line":117,"column":17},"end":{"line":117,"column":32}},{"start":{"line":117,"column":36},"end":{"line":117,"column":null}}]},"21":{"loc":{"start":{"line":126,"column":4},"end":{"line":128,"column":null}},"type":"if","locations":[{"start":{"line":126,"column":4},"end":{"line":128,"column":null}},{"start":{},"end":{}}]},"22":{"loc":{"start":{"line":131,"column":4},"end":{"line":133,"column":null}},"type":"if","locations":[{"start":{"line":131,"column":4},"end":{"line":133,"column":null}},{"start":{},"end":{}}]},"23":{"loc":{"start":{"line":142,"column":4},"end":{"line":144,"column":null}},"type":"if","locations":[{"start":{"line":142,"column":4},"end":{"line":144,"column":null}},{"start":{},"end":{}}]},"24":{"loc":{"start":{"line":146,"column":4},"end":{"line":148,"column":null}},"type":"if","locations":[{"start":{"line":146,"column":4},"end":{"line":148,"column":null}},{"start":{},"end":{}}]},"25":{"loc":{"start":{"line":156,"column":21},"end":{"line":156,"column":42}},"type":"default-arg","locations":[{"start":{"line":156,"column":41},"end":{"line":156,"column":42}}]},"26":{"loc":{"start":{"line":156,"column":44},"end":{"line":156,"column":68}},"type":"default-arg","locations":[{"start":{"line":156,"column":64},"end":{"line":156,"column":68}}]},"27":{"loc":{"start":{"line":157,"column":4},"end":{"line":159,"column":null}},"type":"if","locations":[{"start":{"line":157,"column":4},"end":{"line":159,"column":null}},{"start":{},"end":{}}]},"28":{"loc":{"start":{"line":161,"column":4},"end":{"line":163,"column":null}},"type":"if","locations":[{"start":{"line":161,"column":4},"end":{"line":163,"column":null}},{"start":{},"end":{}}]},"29":{"loc":{"start":{"line":165,"column":4},"end":{"line":167,"column":null}},"type":"if","locations":[{"start":{"line":165,"column":4},"end":{"line":167,"column":null}},{"start":{},"end":{}}]},"30":{"loc":{"start":{"line":175,"column":21},"end":{"line":175,"column":44}},"type":"default-arg","locations":[{"start":{"line":175,"column":35},"end":{"line":175,"column":44}}]},"31":{"loc":{"start":{"line":175,"column":46},"end":{"line":175,"column":68}},"type":"default-arg","locations":[{"start":{"line":175,"column":60},"end":{"line":175,"column":68}}]},"32":{"loc":{"start":{"line":176,"column":4},"end":{"line":178,"column":null}},"type":"if","locations":[{"start":{"line":176,"column":4},"end":{"line":178,"column":null}},{"start":{},"end":{}}]},"33":{"loc":{"start":{"line":180,"column":4},"end":{"line":182,"column":null}},"type":"if","locations":[{"start":{"line":180,"column":4},"end":{"line":182,"column":null}},{"start":{},"end":{}}]},"34":{"loc":{"start":{"line":180,"column":8},"end":{"line":180,"column":36}},"type":"binary-expr","locations":[{"start":{"line":180,"column":8},"end":{"line":180,"column":23}},{"start":{"line":180,"column":23},"end":{"line":180,"column":36}}]},"35":{"loc":{"start":{"line":193,"column":2},"end":{"line":193,"column":31}},"type":"default-arg","locations":[{"start":{"line":193,"column":27},"end":{"line":193,"column":31}}]}},"s":{"0":28,"1":53,"2":3,"3":30,"4":1,"5":4,"6":1,"7":3,"8":3,"9":1,"10":2,"11":1,"12":1,"13":15,"14":2,"15":13,"16":4,"17":9,"18":5,"19":1,"20":4,"21":2,"22":2,"23":6,"24":6,"25":2,"26":4,"27":4,"28":2,"29":2,"30":10,"31":1,"32":9,"33":9,"34":1,"35":8,"36":2,"37":6,"38":3,"39":1,"40":2,"41":2,"42":1,"43":1,"44":3,"45":1,"46":2,"47":1,"48":1,"49":6,"50":1,"51":5,"52":1,"53":4,"54":1,"55":3,"56":7,"57":1,"58":6,"59":2,"60":4,"61":3,"62":3,"63":2,"64":2},"f":{"0":30,"1":4,"2":15,"3":5,"4":6,"5":4,"6":10,"7":3,"8":3,"9":6,"10":7,"11":3},"b":{"0":[1,3],"1":[4,4],"2":[1,2],"3":[3,3,3],"4":[1,1],"5":[2,2,2],"6":[2,13],"7":[15,14],"8":[4,9],"9":[1,4],"10":[2,2],"11":[4,3],"12":[2,4],"13":[2,2],"14":[4,3],"15":[1,9],"16":[10,10],"17":[1,8],"18":[2,6],"19":[8,7],"20":[6,5],"21":[1,2],"22":[1,1],"23":[1,2],"24":[1,1],"25":[3],"26":[4],"27":[1,5],"28":[1,4],"29":[1,3],"30":[3],"31":[4],"32":[1,6],"33":[2,4],"34":[6,5],"35":[2]}}
,"/Users/sujithputta/Projects/Promptwars-1.1/lib/services/arrival.service.ts": {"path":"/Users/sujithputta/Projects/Promptwars-1.1/lib/services/arrival.service.ts","statementMap":{"0":{"start":{"line":10,"column":13},"end":{"line":10,"column":30}},"1":{"start":{"line":10,"column":30},"end":{"line":25,"column":null}},"2":{"start":{"line":13,"column":23},"end":{"line":13,"column":null}},"3":{"start":{"line":14,"column":15},"end":{"line":14,"column":null}},"4":{"start":{"line":15,"column":4},"end":{"line":15,"column":null}},"5":{"start":{"line":15,"column":26},"end":{"line":15,"column":null}},"6":{"start":{"line":16,"column":4},"end":{"line":16,"column":null}},"7":{"start":{"line":16,"column":26},"end":{"line":16,"column":null}},"8":{"start":{"line":18,"column":4},"end":{"line":23,"column":null}}},"fnMap":{"0":{"name":"(anonymous_1)","decl":{"start":{"line":11,"column":21},"end":{"line":11,"column":22}},"loc":{"start":{"line":11,"column":22},"end":{"line":24,"column":null}}}},"branchMap":{"0":{"loc":{"start":{"line":15,"column":4},"end":{"line":15,"column":null}},"type":"if","locations":[{"start":{"line":15,"column":4},"end":{"line":15,"column":null}},{"start":{},"end":{}}]},"1":{"loc":{"start":{"line":16,"column":4},"end":{"line":16,"column":null}},"type":"if","locations":[{"start":{"line":16,"column":4},"end":{"line":16,"column":null}},{"start":{},"end":{}}]}},"s":{"0":8,"1":1,"2":8,"3":8,"4":8,"5":4,"6":8,"7":2,"8":8},"f":{"0":8},"b":{"0":[4,4],"1":[2,6]}}
,"/Users/sujithputta/Projects/Promptwars-1.1/lib/services/feedback.service.ts": {"path":"/Users/sujithputta/Projects/Promptwars-1.1/lib/services/feedback.service.ts","statementMap":{"0":{"start":{"line":29,"column":13},"end":{"line":29,"column":31}},"1":{"start":{"line":1,"column":19},"end":{"line":1,"column":null}},"2":{"start":{"line":29,"column":31},"end":{"line":191,"column":null}},"3":{"start":{"line":34,"column":22},"end":{"line":34,"column":null}},"4":{"start":{"line":35,"column":24},"end":{"line":35,"column":null}},"5":{"start":{"line":37,"column":34},"end":{"line":41,"column":null}},"6":{"start":{"line":43,"column":4},"end":{"line":43,"column":null}},"7":{"start":{"line":45,"column":4},"end":{"line":45,"column":null}},"8":{"start":{"line":47,"column":4},"end":{"line":47,"column":null}},"9":{"start":{"line":58,"column":22},"end":{"line":58,"column":null}},"10":{"start":{"line":59,"column":21},"end":{"line":61,"column":null}},"11":{"start":{"line":63,"column":4},"end":{"line":65,"column":null}},"12":{"start":{"line":64,"column":6},"end":{"line":64,"column":null}},"13":{"start":{"line":66,"column":4},"end":{"line":68,"column":null}},"14":{"start":{"line":67,"column":6},"end":{"line":67,"column":null}},"15":{"start":{"line":70,"column":21},"end":{"line":70,"column":null}},"16":{"start":{"line":71,"column":22},"end":{"line":71,"column":null}},"17":{"start":{"line":71,"column":54},"end":{"line":71,"column":null}},"18":{"start":{"line":73,"column":4},"end":{"line":83,"column":null}},"19":{"start":{"line":74,"column":6},"end":{"line":82,"column":null}},"20":{"start":{"line":86,"column":24},"end":{"line":86,"column":null}},"21":{"start":{"line":86,"column":71},"end":{"line":86,"column":85}},"22":{"start":{"line":87,"column":26},"end":{"line":87,"column":56}},"23":{"start":{"line":89,"column":25},"end":{"line":89,"column":76}},"24":{"start":{"line":89,"column":59},"end":{"line":89,"column":68}},"25":{"start":{"line":90,"column":30},"end":{"line":90,"column":null}},"26":{"start":{"line":93,"column":26},"end":{"line":93,"column":81}},"27":{"start":{"line":93,"column":60},"end":{"line":93,"column":75}},"28":{"start":{"line":94,"column":27},"end":{"line":94,"column":null}},"29":{"start":{"line":97,"column":30},"end":{"line":98,"column":null}},"30":{"start":{"line":98,"column":23},"end":{"line":98,"column":null}},"31":{"start":{"line":100,"column":24},"end":{"line":100,"column":null}},"32":{"start":{"line":101,"column":4},"end":{"line":108,"column":null}},"33":{"start":{"line":102,"column":26},"end":{"line":106,"column":null}},"34":{"start":{"line":103,"column":21},"end":{"line":103,"column":null}},"35":{"start":{"line":104,"column":25},"end":{"line":104,"column":57}},"36":{"start":{"line":105,"column":8},"end":{"line":105,"column":null}},"37":{"start":{"line":107,"column":6},"end":{"line":107,"column":null}},"38":{"start":{"line":111,"column":23},"end":{"line":111,"column":76}},"39":{"start":{"line":111,"column":57},"end":{"line":111,"column":68}},"40":{"start":{"line":112,"column":50},"end":{"line":112,"column":null}},"41":{"start":{"line":113,"column":4},"end":{"line":117,"column":null}},"42":{"start":{"line":114,"column":6},"end":{"line":116,"column":null}},"43":{"start":{"line":115,"column":8},"end":{"line":115,"column":null}},"44":{"start":{"line":118,"column":22},"end":{"line":121,"column":null}},"45":{"start":{"line":119,"column":31},"end":{"line":119,"column":null}},"46":{"start":{"line":120,"column":22},"end":{"line":120,"column":39}},"47":{"start":{"line":123,"column":4},"end":{"line":131,"column":null}},"48":{"start":{"line":142,"column":22},"end":{"line":142,"column":null}},"49":{"start":{"line":143,"column":21},"end":{"line":149,"column":null}},"50":{"start":{"line":151,"column":4},"end":{"line":151,"column":null}},"51":{"start":{"line":151,"column":43},"end":{"line":151,"column":null}},"52":{"start":{"line":163,"column":4},"end":{"line":170,"column":null}},"53":{"start":{"line":182,"column":4},"end":{"line":189,"column":null}}},"fnMap":{"0":{"name":"(anonymous_1)","decl":{"start":{"line":33,"column":2},"end":{"line":33,"column":8}},"loc":{"start":{"line":33,"column":67},"end":{"line":48,"column":null}}},"1":{"
[...]
tart":{"line":120,"column":22},"end":{"line":120,"column":39}}},"12":{"name":"(anonymous_13)","decl":{"start":{"line":137,"column":2},"end":{"line":137,"column":8}},"loc":{"start":{"line":140,"column":22},"end":{"line":152,"column":null}}},"13":{"name":"(anonymous_14)","decl":{"start":{"line":151,"column":29},"end":{"line":151,"column":30}},"loc":{"start":{"line":151,"column":43},"end":{"line":151,"column":null}}},"14":{"name":"(anonymous_15)","decl":{"start":{"line":157,"column":2},"end":{"line":157,"column":8}},"loc":{"start":{"line":161,"column":32},"end":{"line":171,"column":null}}},"15":{"name":"(anonymous_16)","decl":{"start":{"line":176,"column":2},"end":{"line":176,"column":8}},"loc":{"start":{"line":180,"column":32},"end":{"line":190,"column":null}}}},"branchMap":{"0":{"loc":{"start":{"line":54,"column":4},"end":{"line":54,"column":32}},"type":"default-arg","locations":[{"start":{"line":54,"column":22},"end":{"line":54,"column":32}}]},"1":{"loc":{"start":{"line":63,"column":4},"end":{"line":65,"column":null}},"type":"if","locations":[{"start":{"line":63,"column":4},"end":{"line":65,"column":null}},{"start":{},"end":{}}]},"2":{"loc":{"start":{"line":66,"column":4},"end":{"line":68,"column":null}},"type":"if","locations":[{"start":{"line":66,"column":4},"end":{"line":68,"column":null}},{"start":{},"end":{}}]},"3":{"loc":{"start":{"line":73,"column":4},"end":{"line":83,"column":null}},"type":"if","locations":[{"start":{"line":73,"column":4},"end":{"line":83,"column":null}},{"start":{},"end":{}}]},"4":{"loc":{"start":{"line":98,"column":23},"end":{"line":98,"column":null}},"type":"binary-expr","locations":[{"start":{"line":98,"column":23},"end":{"line":98,"column":57}},{"start":{"line":98,"column":57},"end":{"line":98,"column":null}}]},"5":{"loc":{"start":{"line":101,"column":4},"end":{"line":108,"column":null}},"type":"if","locations":[{"start":{"line":101,"column":4},"end":{"line":108,"column":null}},{"start":{},"end":{}}]},"6":{"loc":{"start":{"line":103,"column":31},"end":{"line":103,"column":57}},"type":"binary-expr","locations":[{"start":{"line":103,"column":31},"end":{"line":103,"column":47}},{"start":{"line":103,"column":51},"end":{"line":103,"column":57}}]},"7":{"loc":{"start":{"line":103,"column":57},"end":{"line":103,"column":null}},"type":"binary-expr","locations":[{"start":{"line":103,"column":57},"end":{"line":103,"column":75}},{"start":{"line":103,"column":79},"end":{"line":103,"column":null}}]},"8":{"loc":{"start":{"line":114,"column":6},"end":{"line":116,"column":null}},"type":"if","locations":[{"start":{"line":114,"column":6},"end":{"line":116,"column":null}},{"start":{},"end":{}}]},"9":{"loc":{"start":{"line":115,"column":35},"end":{"line":115,"column":67}},"type":"binary-expr","locations":[{"start":{"line":115,"column":35},"end":{"line":115,"column":58}},{"start":{"line":115,"column":62},"end":{"line":115,"column":67}}]},"10":{"loc":{"start":{"line":139,"column":4},"end":{"line":139,"column":32}},"type":"default-arg","locations":[{"start":{"line":139,"column":22},"end":{"line":139,"column":32}}]},"11":{"loc":{"start":{"line":140,"column":4},"end":{"line":140,"column":22}},"type":"default-arg","locations":[{"start":{"line":140,"column":20},"end":{"line":140,"column":22}}]},"12":{"loc":{"start":{"line":161,"column":4},"end":{"line":161,"column":32}},"type":"default-arg","locations":[{"start":{"line":161,"column":22},"end":{"line":161,"column":32}}]},"13":{"loc":{"start":{"line":180,"column":4},"end":{"line":180,"column":32}},"type":"default-arg","locations":[{"start":{"line":180,"column":22},"end":{"line":180,"column":32}}]}},"s":{"0":9,"1":1,"2":1,"3":4,"4":4,"5":4,"6":4,"7":4,"8":4,"9":4,"10":4,"11":4,"12":1,"13":4,"14":1,"15":4,"16":4,"17":6,"18":4,"19":2,"20":2,"21":6,"22":2,"23":2,"24":6,"25":2,"26":2,"27":6,"28":2,"29":2,"30":6,"31":2,"32":2,"33":2,"34":4,"35":4,"36":4,"37":2,"38":2,"39":6,"40":2,"41":2,"42":6,"43":2,"44":2,"45":2,"46":1,"47":2,"48":1,"49":1,"50":1,"51":2,"52":1,"53":1},"f":{"0":4,"1":4,"2":6,"3":6,"4":6,"5":6,"6":6,"7":4,"8":6,"9":6,"10":2,"11":1,"12":1,"13":2,"14":1,"15":1},"b":{"0":[0],"1":[1,3],"2":[1,3],"3":[2,2],"4":[6,4],"5":[2,0],"6":[4,0],"7":[4,0],"8":[2,4],"9":[2,2],"10":[0],"11":[0],"12":[0],"13":[0]}}
,"/Users/sujithputta/Projects/Promptwars-1.1/lib/services/incident.service.ts": {"path":"/Users/sujithputta/Projects/Promptwars-1.1/lib/services/incident.service.ts","statementMap":{"0":{"start":{"line":52,"column":13},"end":{"line":52,"column":31}},"1":{"start":{"line":1,"column":19},"end":{"line":1,"column":null}},"2":{"start":{"line":52,"column":31},"end":{"line":248,"column":null}},"3":{"start":{"line":57,"column":22},"end":{"line":57,"column":null}},"4":{"start":{"line":58,"column":24},"end":{"line":58,"column":null}},"5":{"start":{"line":60,"column":34},"end":{"line":65,"column":null}},"6":{"start":{"line":67,"column":4},"end":{"line":67,"column":null}},"7":{"start":{"line":69,"column":4},"end":{"line":69,"column":null}},"8":{"start":{"line":71,"column":4},"end":{"line":71,"column":null}},"9":{"start":{"line":78,"column":22},"end":{"line":78,"column":null}},"10":{"start":{"line":79,"column":21},"end":{"line":85,"column":null}},"11":{"start":{"line":87,"column":4},"end":{"line":87,"column":null}},"12":{"start":{"line":87,"column":43},"end":{"line":87,"column":null}},"13":{"start":{"line":98,"column":22},"end":{"line":98,"column":null}},"14":{"start":{"line":99,"column":25},"end":{"line":102,"column":null}},"15":{"start":{"line":104,"column":4},"end":{"line":106,"column":null}},"16":{"start":{"line":105,"column":6},"end":{"line":105,"column":null}},"17":{"start":{"line":108,"column":4},"end":{"line":110,"column":null}},"18":{"start":{"line":109,"column":6},"end":{"line":109,"column":null}},"19":{"start":{"line":112,"column":4},"end":{"line":112,"column":null}},"20":{"start":{"line":114,"column":4},"end":{"line":114,"column":null}},"21":{"start":{"line":121,"column":22},"end":{"line":121,"column":null}},"22":{"start":{"line":122,"column":20},"end":{"line":122,"column":null}},"23":{"start":{"line":124,"column":31},"end":{"line":128,"column":null}},"24":{"start":{"line":130,"column":4},"end":{"line":130,"column":null}},"25":{"start":{"line":132,"column":4},"end":{"line":132,"column":null}},"26":{"start":{"line":134,"column":4},"end":{"line":134,"column":null}},"27":{"start":{"line":141,"column":22},"end":{"line":141,"column":null}},"28":{"start":{"line":142,"column":21},"end":{"line":148,"column":null}},"29":{"start":{"line":150,"column":4},"end":{"line":150,"column":null}},"30":{"start":{"line":150,"column":43},"end":{"line":150,"column":null}},"31":{"start":{"line":157,"column":22},"end":{"line":157,"column":null}},"32":{"start":{"line":158,"column":25},"end":{"line":160,"column":null}},"33":{"start":{"line":162,"column":4},"end":{"line":166,"column":null}},"34":{"start":{"line":163,"column":6},"end":{"line":163,"column":null}},"35":{"start":{"line":164,"column":11},"end":{"line":166,"column":null}},"36":{"start":{"line":165,"column":6},"end":{"line":165,"column":null}},"37":{"start":{"line":168,"column":4},"end":{"line":168,"column":null}},"38":{"start":{"line":170,"column":4},"end":{"line":170,"column":null}},"39":{"start":{"line":177,"column":22},"end":{"line":177,"column":null}},"40":{"start":{"line":179,"column":22},"end":{"line":179,"column":null}},"41":{"start":{"line":180,"column":30},"end":{"line":180,"column":85}},"42":{"start":{"line":180,"column":52},"end":{"line":180,"column":79}},"43":{"start":{"line":183,"column":26},"end":{"line":188,"column":null}},"44":{"start":{"line":190,"column":19},"end":{"line":190,"column":null}},"45":{"start":{"line":190,"column":56},"end":{"line":190,"column":null}},"46":{"start":{"line":191,"column":25},"end":{"line":193,"column":null}},"47":{"start":{"line":192,"column":47},"end":{"line":192,"column":72}},"48":{"start":{"line":196,"column":23},"end":{"line":196,"column":null}},"49":{"start":{"line":199,"column":54},"end":{"line":199,"column":null}},"50":{"start":{"line":200,"column":4},"end":{"line":206,"column":null}},"51":{"start":{"line":201,"column":6},"end":{"line":201,"column":null}},"52":{"start":{"line":202,"column":11},"end":{"line":206,"column":null}},"53":{"start":{"line":203,"column":6},"end":{"line":203,"column":null}},"54":{"start":{"line":204,"column":11},"end":{"line":206,"column":null}},"55":{"start":{"line":205,"column":6},"end":{"line":205,"column":null}},"56":{"start":{"line":209,"column":28},"end":{"line":212,"column":null}},"57":{"start":{"line":210,"column":26},"end":{"line":210,"column":null}},"58":{"start":{"line":211,"column":23},"end":{"line":211,"column":29}},"59":{"start":{"line":212,"column":53},"end":{"line":212,"column":null}},"60":{"start":{"line":214,"column":4},"end":{"line":222,"column":null}},"61":{"start":{"line":236,"column":4},"end":{"line":246,"column":null}}},"fnMap":{"0":{"name":"(anonymous_1)","decl":{"start":{"line":56,"column":2},"end":{"line":56,"column":8}},"loc":{"start":{"line":56,"column":81},"end":{"line":72,"column":null}}},"1":{"name":"(anonymous_2)","decl":{"start":{"line":77,"column":2},"end":{"line":77,"column":8}},"loc":{"start":{"line":77,"column":55},"end":{"line":88,"column":null}}},"2":{"name":"(anonymous_3)","decl":{"start":{"line":87,"column":29},"end":{"line":87,"column":30}},"loc":{"start":{"line":87,"column":43},"end":{"line":87,"column":null}}},"3":{"name":"(anonymous_4)","decl":{"start":{"line":93,"column":2},"end":{"line":93,"column":8}},"loc":{"start":{"line":96,"column":23},"end":{"line":115,"column":null}}},"4":{"name":"(anonymous_5)","decl":{"start":{"line":120,"column":2},"end":{"line":120,"column":8}},"loc":{"start":{"line":120,"column":60},"end":{"line":135,"column":null}}},"5":{"name":"(anonymous_6)","decl":{"start":{"line":140,"column":2},"end":{"line":140,"column":8}},"loc":{"start":{"line":140,"column":40},"end":{"line":151,"column":null}}},"6":{"name":"(anonymous_7)","decl":{"start":{"line":150,"column":29},"end":{"line":150,"column":30}},"loc":{"start":{"line":150,"column":43},"end":{"line":150,"column":null}}},"7":{"name":"(anonymous_8)","decl":{"start":{"line":156,"column":2},"end":{"line":156,"column":8}},"loc":{"start":{"line":156,"column":68},"end":{"line":171,"column":null}}},"8":{"name":"(anonymous_9)","decl":{"start":{"line":176,"column":2},"end":{"line":176,"column":8}},"loc":{"start":{"line":176,"column":51},"end":{"line":223,"column":null}}},"9":{"name":"(anonymous_10)","decl":{"start":{"line":180,"column":47},"end":{"line":180,"column":52}},"loc":{"start":{"line":180,"column":52},"end":{"line":180,"column":79}}},"10":{"name":"(anonymous_11)","decl":{"start":{"line":190,"column":42},"end":{"line":190,"column":43}},"loc":{"start":{"line":190,"column":56},"end":{"line":190,"column":null}}},"11":{"name":"(anonymous_12)","decl":{"start":{"line":192,"column":22},"end":{"line":192,"column":23}},"loc":{"start":{"line":192,"column":47},"end":{"line":192,"column":72}}},"12":{"name":"(anonymous_13)","decl":{"start":{"line":210,"column":14},"end":{"line":210,"column":15}},"loc":{"start":{"line":210,"column":26},"end":{"line":210,"column":null}}},"13":{"name":"(anonymous_14)","decl":{"start":{"line":211,"column":11},"end":{"line":211,"column":12}},"loc":{"start":{"line":211,"column":23},"end":{"line":211,"column":29}}},"14":{"name":"(anonymous_15)","decl":{"start":{"line":212,"column":14},"end":{"line":212,"column":15}},"loc":{"start":{"line":212,"column":53},"end":{"line":212,"column":null}}},"15":{"name":"(anonymous_16)","decl":{"start":{"line":228,"column":2},"end":{"line":228,"column":8}},"loc":{"start":{"line":234,"column":28},"end":{"line":247,"column":null}}}},"branchMap":{"0":{"loc":{"start":{"line":77,"column":27},"end":{"line":77,"column":55}},"type":"default-arg","locations":[{"start":{"line":77,"column":45},"end":{"line":77,"column":55}}]},"1":{"loc":{"start":{"line":104,"column":4},"end":{"line":106,"column":null}},"type":"if","locations":[{"start":{"line":104,"column":4},"end":{"line":106,"column":null}},{"start":{},"end":{}}]},"2":{"loc":{"start":{"line":108,"column":4},"end":{"line":110,"column":null}},"type":"if","locations":[{"start":{"line":108,"column":4},"end":{"line":110,"column":null}},{"start":{},"end":{}}]},"3":{"loc":{"start":{"line":162,"column":4},"end":{"line":166,"column":null}},"type":"if","locations":[{"start":{"line":162,"column":4},"end":{"line":166,"column":null}},{"start":{"line":164,"column":11},"end":{"line":166,"column":null}}]},"4":{"loc":{"start":{"line":164,"column":11},"end":{"line":166,"column":null}},"type":"if","locations":[{"start":{"line":164,"column":11},"end":{"line":166,"column":null}},{"start":{},"end":{}}]},"5":{"loc":{"start":{"line":176,"column":23},"end":{"line":176,"column":51}},"type":"default-arg","locations":[{"start":{"line":176,"column":41},"end":{"line":176,"column":51}}]},"6":{"loc":{"start":{"line":191,"column":25},"end":{"line":193,"column":null}},"type":"cond-expr","locations":[{"start":{"line":192,"column":8},"end":{"line":192,"column":90}},{"start":{"line":193,"column":8},"end":{"line":193,"column":null}}]},"7":{"loc":{"start":{"line":192,"column":54},"end":{"line":192,"column":72}},"type":"binary-expr","locations":[{"start":{"line":192,"column":54},"end":{"line":192,"column":64}},{"start":{"line":192,"column":68},"end":{"line":192,"column":72}}]},"8":{"loc":{"start":{"line":200,"column":4},"end":{"line":206,"column":null}},"type":"if","locations":[{"start":{"line":200,"column":4},"end":{"line":206,"column":null}},{"start":{"line":202,"column":11},"end":{"line":206,"column":null}}]},"9":{"loc":{"start":{"line":200,"column":8},"end":{"line":200,"column":50}},"type":"binary-expr","locations":[{"start":{"line":200,"column":8},"end":{"line":200,"column":33}},{"start":{"line":200,"column":33},"end":{"line":200,"column":50}}]},"10":{"loc":{"start":{"line":202,"column":11},"end":{"line":206,"column":null}},"type":"if","locations":[{"start":{"line":202,"column":11},"end":{"line":206,"column":null}},{"start":{"line":204,"column":11},"end":{"line":206,"column":null}}]},"11":{"loc":{"start":{"line":202,"column":15},"end":{"line":202,"column":56}},"type":"binary-expr","locations":[{"start":{"line":202,"column":15},"end":{"line":202,"column":39}},{"start":{"line":202,"column":39},"end":{"line":202,"column":56}}]},"12":{"loc":{"start":{"line":204,"column":11},"end":{"line":206,"column":null}},"type":"if","locations":[{"start":{"line":204,"column":11},"end":{"line":206,"column":null}},{"start":{},"end":{}}]},"13":{"loc":{"start":{"line":204,"column":15},"end":{"line":204,"column":56}},"type":"binary-expr","locations":[{"start":{"line":204,"column":15},"end":{"line":204,"column":39}},{"start":{"line":204,"column":39},"end":{"line":204,"column":56}}]}},"s":{"0":14,"1":1,"2":1,"3":3,"4":3,"5":3,"6":3,"7":3,"8":3,"9":4,"10":4,"11":4,"12":5,"13":2,"14":2,"15":2,"16":1,"17":2,"18":1,"19":2,"20":2,"21":2,"22":2,"23":2,"24":2,"25":2,"26":2,"27":1,"28":1,"29":1,"30":2,"31":2,"32":2,"33":2,"34":1,"35":1,"36":1,"37":2,"38":2,"39":2,"40":2,"41":2,"42":3,"43":2,"44":2,"45":2,"46":2,"47":2,"48":2,"49":2,"50":2,"51":1,"52":1,"53":0,"54":1,"55":0,"56":2,"57":2,"58":1,"59":1,"60":2,"61":1},"f":{"0":3,"1":4,"2":5,"3":2,"4":2,"5":1,"6":2,"7":2,"8":2,"9":3,"10":2,"11":2,"12":2,"13":1,"14":1,"15":1},"b":{"0":[0],"1":[1,1],"2":[1,1],"3":[1,1],"4":[1,0],"5":[0],"6":[1,1],"7":[2,0],"8":[1,1],"9":[2,1],"10":[0,1],"11":[1,1],"12":[0,1],"13":[1,1]}}
,"/Users/sujithputta/Projects/Promptwars-1.1/lib/services/maps.service.ts": {"path":"/Users/sujithputta/Projects/Promptwars-1.1/lib/services/maps.service.ts","statementMap":{"0":{"start":{"line":18,"column":13},"end":{"line":18,"column":27}},"1":{"start":{"line":18,"column":27},"end":{"line":64,"column":null}},"2":{"start":{"line":23,"column":4},"end":{"line":42,"column":null}},"3":{"start":{"line":24,"column":23},"end":{"line":30,"column":null}},"4":{"start":{"line":32,"column":6},"end":{"line":35,"column":null}},"5":{"start":{"line":33,"column":8},"end":{"line":33,"column":null}},"6":{"start":{"line":34,"column":8},"end":{"line":34,"column":null}},"7":{"start":{"line":37,"column":19},"end":{"line":37,"column":null}},"8":{"start":{"line":38,"column":6},"end":{"line":38,"column":null}},"9":{"start":{"line":40,"column":6},"end":{"line":40,"column":null}},"10":{"start":{"line":41,"column":6},"end":{"line":41,"column":null}}},"fnMap":{"0":{"name":"(anonymous_1)","decl":{"start":{"line":22,"column":2},"end":{"line":22,"column":8}},"loc":{"start":{"line":22,"column":56},"end":{"line":43,"column":null}}}},"branchMap":{"0":{"loc":{"start":{"line":32,"column":6},"end":{"line":35,"column":null}},"type":"if","locations":[{"start":{"line":32,"column":6},"end":{"line":35,"column":null}},{"start":{},"end":{}}]},"1":{"loc":{"start":{"line":38,"column":13},"end":{"line":38,"column":null}},"type":"binary-expr","locations":[{"start":{"line":38,"column":13},"end":{"line":38,"column":29}},{"start":{"line":38,"column":33},"end":{"line":38,"column":null}}]}},"s":{"0":18,"1":1,"2":5,"3":5,"4":4,"5":1,"6":1,"7":3,"8":3,"9":1,"10":1},"f":{"0":5},"b":{"0":[1,3],"1":[3,2]}}
,"/Users/sujithputta/Projects/Promptwars-1.1/lib/services/notification.service.ts": {"path":"/Users/sujithputta/Projects/Promptwars-1.1/lib/services/notification.service.ts","statementMap":{"0":{"start":{"line":7,"column":13},"end":{"line":7,"column":35}},"1":{"start":{"line":1,"column":31},"end":{"line":1,"column":null}},"2":{"start":{"line":7,"column":35},"end":{"line":69,"column":null}},"3":{"start":{"line":12,"column":4},"end":{"line":32,"column":null}},"4":{"start":{"line":13,"column":23},"end":{"line":26,"column":null}},"5":{"start":{"line":27,"column":6},"end":{"line":27,"column":null}},"6":{"start":{"line":28,"column":6},"end":{"line":28,"column":null}},"7":{"start":{"line":30,"column":6},"end":{"line":30,"column":null}},"8":{"start":{"line":31,"column":6},"end":{"line":31,"column":null}},"9":{"start":{"line":39,"column":4},"end":{"line":53,"column":null}},"10":{"start":{"line":40,"column":23},"end":{"line":47,"column":null}},"11":{"start":{"line":48,"column":6},"end":{"line":48,"column":null}},"12":{"start":{"line":49,"column":6},"end":{"line":49,"column":null}},"13":{"start":{"line":51,"column":6},"end":{"line":51,"column":null}},"14":{"start":{"line":52,"column":6},"end":{"line":52,"column":null}},"15":{"start":{"line":60,"column":4},"end":{"line":67,"column":null}},"16":{"start":{"line":61,"column":23},"end":{"line":61,"column":null}},"17":{"start":{"line":62,"column":6},"end":{"line":62,"column":null}},"18":{"start":{"line":63,"column":6},"end":{"line":63,"column":null}},"19":{"start":{"line":65,"column":6},"end":{"line":65,"column":null}},"20":{"start":{"line":66,"column":6},"end":{"line":66,"column":null}}},"fnMap":{"0":{"name":"(anonymous_1)","decl":{"start":{"line":11,"column":2},"end":{"line":11,"column":8}},"loc":{"start":{"line":11,"column":75},"end":{"line":33,"column":null}}},"1":{"name":"(anonymous_2)","decl":{"start":{"line":38,"column":2},"end":{"line":38,"column":8}},"loc":{"start":{"line":38,"column":74},"end":{"line":54,"column":null}}},"2":{"name":"(anonymous_3)","decl":{"start":{"line":59,"column":2},"end":{"line":59,"column":8}},"loc":{"start":{"line":59,"column":65},"end":{"line":68,"column":null}}}},"branchMap":{"0":{"loc":{"start":{"line":19,"column":14},"end":{"line":19,"column":null}},"type":"binary-expr","locations":[{"start":{"line":19,"column":14},"end":{"line":19,"column":22}},{"start":{"line":19,"column":22},"end":{"line":19,"column":null}}]},"1":{"loc":{"start":{"line":46,"column":14},"end":{"line":46,"column":null}},"type":"binary-expr","locations":[{"start":{"line":46,"column":14},"end":{"line":46,"column":22}},{"start":{"line":46,"column":22},"end":{"line":46,"column":null}}]}},"s":{"0":8,"1":4,"2":4,"3":3,"4":3,"5":2,"6":2,"7":1,"8":1,"9":2,"10":2,"11":1,"12":1,"13":1,"14":1,"15":3,"16":3,"17":2,"18":2,"19":1,"20":1},"f":{"0":3,"1":2,"2":3},"b":{"0":[3,2],"1":[2,2]}}
}
