TN:
SF:components/AuraMap.tsx
FN:34,AuraMap
FN:48,(anonymous_5)
FN:49,(anonymous_6)
FN:80,(anonymous_7)
FN:96,(anonymous_8)
FN:116,(anonymous_9)
FN:151,(anonymous_10)
FN:152,(anonymous_11)
FN:164,(anonymous_12)
FN:177,(anonymous_13)
FN:194,(anonymous_14)
FNF:11
FNH:7
FNDA:14,AuraMap
FNDA:12,(anonymous_5)
FNDA:12,(anonymous_6)
FNDA:96,(anonymous_7)
FNDA:0,(anonymous_8)
FNDA:12,(anonymous_9)
FNDA:14,(anonymous_10)
FNDA:0,(anonymous_11)
FNDA:12,(anonymous_12)
FNDA:0,(anonymous_13)
FNDA:0,(anonymous_14)
DA:3,1
DA:4,1
DA:6,1
DA:7,1
DA:26,1
DA:27,1
DA:31,1
DA:34,14
DA:43,14
DA:44,14
DA:45,14
DA:46,14
DA:48,14
DA:49,12
DA:54,12
DA:55,12
DA:57,12
DA:64,12
DA:66,12
DA:67,48
DA:77,48
DA:79,48
DA:80,48
DA:81,96
DA:88,96
DA:96,96
DA:97,0
DA:98,0
DA:105,96
DA:106,96
DA:110,12
DA:112,0
DA:116,12
DA:117,12
DA:118,12
DA:119,12
DA:120,12
DA:121,12
DA:123,12
DA:124,12
DA:135,12
DA:138,12
DA:139,12
DA:142,0
DA:143,0
DA:147,12
DA:151,14
DA:152,14
DA:153,0
DA:154,0
DA:156,0
DA:164,14
DA:165,12
DA:166,0
DA:167,0
DA:176,0
DA:177,0
DA:179,0
DA:181,0
DA:182,0
DA:183,0
DA:185,0
DA:186,0
DA:188,0
DA:194,0
DA:195,0
LF:66
LH:45
BRDA:26,0,0,1
BRDA:26,0,1,0
BRDA:26,1,0,1
BRDA:26,1,1,1
BRDA:35,2,0,13
BRDA:36,3,0,13
BRDA:37,4,0,13
BRDA:38,5,0,13
BRDA:40,6,0,9
BRDA:79,7,0,48
BRDA:79,7,1,0
BRDA:97,8,0,0
BRDA:97,8,1,0
BRDA:123,9,0,12
BRDA:123,9,1,0
BRDA:123,10,0,12
BRDA:123,10,1,12
BRDA:153,11,0,0
BRDA:153,11,1,0
BRDA:153,12,0,0
BRDA:153,12,1,0
BRDA:165,13,0,0
BRDA:165,13,1,12
BRDA:165,14,0,12
BRDA:165,14,1,0
BRDA:170,15,0,0
BRDA:170,15,1,0
BRDA:179,16,0,0
BRDA:179,16,1,0
BRDA:185,17,0,0
BRDA:185,17,1,0
BRDA:214,18,0,3
BRDA:214,18,1,11
BRDA:217,19,0,14
BRF:34
BRH:17
end_of_record
TN:
SF:components/AuthProvider.tsx
FN:18,AuthProvider
FN:23,(anonymous_7)
FN:27,(anonymous_8)
FN:36,(anonymous_9)
FN:43,(anonymous_10)
FN:50,(anonymous_11)
FN:60,(anonymous_12)
FNF:7
FNH:5
FNDA:18,AuthProvider
FNDA:9,(anonymous_7)
FNDA:9,(anonymous_8)
FNDA:2,(anonymous_9)
FNDA:0,(anonymous_10)
FNDA:9,(anonymous_11)
FNDA:0,(anonymous_12)
DA:3,1
DA:4,1
DA:5,1
DA:6,1
DA:7,1
DA:16,1
DA:18,9
DA:19,18
DA:20,18
DA:21,18
DA:23,18
DA:25,9
DA:27,9
DA:28,9
DA:30,9
DA:32,2
DA:35,2
DA:36,2
DA:37,2
DA:38,2
DA:40,2
DA:43,2
DA:45,7
DA:46,7
DA:50,9
DA:60,1
LF:26
LH:26
BRDA:30,0,0,2
BRDA:30,0,1,7
BRDA:32,1,0,2
BRDA:32,1,1,0
BRDA:37,2,0,2
BRDA:37,2,1,0
BRDA:55,3,0,18
BRDA:55,3,1,7
BRF:8
BRH:6
end_of_record
TN:
SF:components/FeedbackButton.tsx
FN:14,FeedbackButton
FN:28,(anonymous_2)
FN:48,(anonymous_3)
FN:61,(anonymous_4)
FN:84,(anonymous_5)
FN:111,(anonymous_6)
FN:125,(anonymous_7)
FN:135,(anonymous_8)
FN:143,(anonymous_9)
FN:158,(anonymous_10)
FN:161,(anonymous_11)
FN:183,(anonymous_12)
FN:198,(anonymous_13)
FNF:13
FNH:12
FNDA:41,FeedbackButton
FNDA:5,(anonymous_2)
FNDA:1,(anonymous_3)
FNDA:1,(anonymous_4)
FNDA:0,(anonymous_5)
FNDA:12,(anonymous_6)
FNDA:1,(anonymous_7)
FNDA:4,(anonymous_8)
FNDA:1,(anonymous_9)
FNDA:115,(anonymous_10)
FNDA:3,(anonymous_11)
FNDA:1,(anonymous_12)
FNDA:1,(anonymous_13)
DA:3,1
DA:4,1
DA:5,1
DA:14,13
DA:20,41
DA:21,41
DA:22,41
DA:23,41
DA:24,41
DA:25,41
DA:26,41
DA:28,41
DA:29,5
DA:31,4
DA:32,4
DA:33,4
DA:46,4
DA:47,3
DA:48,3
DA:49,1
DA:50,1
DA:51,1
DA:55,0
DA:57,4
DA:61,41
DA:62,1
DA:64,1
DA:65,1
DA:66,1
DA:82,1
DA:83,1
DA:84,1
DA:85,0
DA:86,0
DA:87,0
DA:88,0
DA:89,0
DA:90,0
DA:94,0
DA:96,1
DA:100,41
DA:108,37
DA:111,12
DA:125,1
DA:135,4
DA:143,1
DA:159,115
DA:161,3
DA:183,1
DA:198,1
LF:50
LH:42
BRDA:29,0,0,1
BRDA:29,0,1,4
BRDA:40,1,0,3
BRDA:40,1,1,1
BRDA:46,2,0,3
BRDA:46,2,1,1
BRDA:62,3,0,0
BRDA:62,3,1,1
BRDA:62,4,0,1
BRDA:62,4,1,1
BRDA:75,5,0,1
BRDA:75,5,1,0
BRDA:82,6,0,1
BRDA:82,6,1,0
BRDA:100,7,0,4
BRDA:100,7,1,37
BRDA:108,8,0,14
BRDA:108,8,1,23
BRDA:163,9,0,22
BRDA:163,9,1,93
BRDA:163,10,0,115
BRDA:163,10,1,25
BRDA:174,11,0,23
BRDA:182,12,0,2
BRDA:182,12,1,1
BRDA:183,13,0,1
BRDA:183,13,1,0
BRDA:207,14,0,23
BRDA:207,14,1,5
BRDA:210,15,0,5
BRDA:210,15,1,18
BRF:31
BRH:27
end_of_record
TN:
SF:components/MatchWidget.tsx
FN:13,MatchWidget
FN:18,(anonymous_2)
FN:19,(anonymous_3)
FN:36,(anonymous_4)
FNF:4
FNH:4
FNDA:22,MatchWidget
FNDA:11,(anonymous_2)
FNDA:12,(anonymous_3)
FNDA:11,(anonymous_4)
DA:3,1
DA:4,1
DA:5,1
DA:13,11
DA:14,22
DA:15,22
DA:16,22
DA:18,22
DA:19,11
DA:20,12
DA:21,12
DA:23,12
DA:24,4
DA:25,4
DA:27,4
DA:28,3
DA:33,11
DA:34,11
DA:36,11
DA:39,22
LF:20
LH:20
BRDA:13,0,0,12
BRDA:13,1,0,12
BRDA:23,2,0,4
BRDA:23,2,1,8
BRDA:27,3,0,3
BRDA:27,3,1,1
BRDA:39,4,0,11
BRDA:39,4,1,11
BRDA:77,5,0,11
BRDA:77,5,1,0
BRDA:77,6,0,0
BRDA:77,6,1,0
BRDA:94,7,0,11
BRDA:94,7,1,4
BRDA:96,8,0,1
BRDA:96,8,1,2
BRDA:102,9,0,1
BRDA:108,10,0,1
BRDA:108,10,1,2
BRDA:110,11,0,1
BRDA:110,11,1,2
BRDA:113,12,0,1
BRDA:113,12,1,2
BRDA:125,13,0,11
BRDA:125,13,1,3
BRF:25
BRH:22
end_of_record
TN:
SF:lib/auth-middleware.ts
FN:39,verifyToken
FN:74,requireAuth
FN:85,requireRole
FN:126,checkResourceOwnership
FN:142,verifyPubSubToken
FN:157,constantTimeCompare
FNF:6
FNH:6
FNDA:25,verifyToken
FNDA:4,requireAuth
FNDA:3,requireRole
FNDA:3,checkResourceOwnership
FNDA:8,verifyPubSubToken
FNDA:4,constantTimeCompare
DA:7,2
DA:8,2
DA:9,2
DA:10,2
DA:11,2
DA:12,2
DA:15,2
DA:21,2
DA:22,0
DA:39,18
DA:40,25
DA:42,25
DA:43,25
DA:44,25
DA:45,5
DA:46,5
DA:49,20
DA:50,20
DA:53,16
DA:55,16
DA:62,16
DA:63,16
DA:65,4
DA:66,4
DA:67,4
DA:74,4
DA:75,4
DA:76,4
DA:77,3
DA:79,1
DA:85,3
DA:89,3
DA:91,3
DA:92,0
DA:98,3
DA:99,1
DA:107,1
DA:113,2
DA:120,2
DA:126,3
DA:131,3
DA:132,1
DA:136,2
DA:142,8
DA:143,8
DA:144,8
DA:146,8
DA:147,4
DA:151,4
DA:158,4
DA:159,2
DA:162,2
DA:163,2
DA:164,32
DA:167,2
LF:55
LH:53
BRDA:21,0,0,0
BRDA:21,0,1,2
BRDA:21,1,0,2
BRDA:21,1,1,0
BRDA:44,2,0,5
BRDA:44,2,1,20
BRDA:53,3,0,16
BRDA:53,3,1,13
BRDA:76,4,0,3
BRDA:76,4,1,1
BRDA:91,5,0,0
BRDA:91,5,1,3
BRDA:98,6,0,1
BRDA:98,6,1,2
BRDA:131,7,0,1
BRDA:131,7,1,2
BRDA:146,8,0,4
BRDA:146,8,1,4
BRDA:146,9,0,8
BRDA:146,9,1,5
BRDA:158,10,0,2
BRDA:158,10,1,2
BRF:22
BRH:19
end_of_record
TN:
SF:lib/bigquery.ts
FN:38,getBigQueryClient
FN:68,(anonymous_3)
FN:96,(anonymous_4)
FN:122,(anonymous_5)
FNF:4
FNH:4
FNDA:7,getBigQueryClient
FNDA:2,(anonymous_3)
FNDA:2,(anonymous_4)
FNDA:4,(anonymous_5)
DA:1,1
DA:2,1
DA:3,1
DA:4,1
DA:36,1
DA:39,7
DA:41,1
DA:43,1
DA:44,1
DA:45,1
DA:50,0
DA:51,0
DA:54,1
DA:57,1
DA:58,1
DA:59,1
DA:62,1
DA:64,8
DA:69,2
DA:70,2
DA:71,2
DA:72,2
DA:74,2
DA:83,2
DA:87,2
DA:89,0
DA:97,2
DA:98,2
DA:110,2
DA:115,2
DA:116,2
DA:123,4
DA:124,4
DA:125,4
DA:127,4
DA:128,1
DA:129,1
DA:130,1
DA:134,3
DA:135,3
DA:142,3
DA:148,3
DA:149,2
DA:151,2
DA:152,2
DA:154,1
DA:155,1
LF:47
LH:44
BRDA:39,0,0,6
BRDA:39,0,1,1
BRDA:79,1,0,2
BRDA:79,1,1,1
BRDA:79,1,2,1
BRDA:116,2,0,2
BRDA:116,2,1,1
BRDA:127,3,0,1
BRDA:127,3,1,3
BRDA:129,4,0,1
BRDA:129,4,1,0
BRDA:149,5,0,2
BRDA:149,5,1,0
BRF:13
BRH:11
end_of_record
TN:
SF:lib/db.ts
FN:18,(anonymous_4)
FN:82,(anonymous_5)
FN:120,(anonymous_6)
FNF:3
FNH:3
FNDA:4,(anonymous_4)
FNDA:4,(anonymous_5)
FNDA:3,(anonymous_6)
DA:6,1
DA:7,1
DA:8,1
DA:18,4
DA:19,4
DA:20,4
DA:22,4
DA:23,3
DA:24,3
DA:82,4
DA:83,4
DA:84,4
DA:86,4
DA:87,3
DA:88,3
DA:113,3
DA:114,3
DA:117,1
DA:120,3
DA:125,3
DA:126,3
LF:21
LH:21
BRDA:22,0,0,3
BRDA:22,0,1,1
BRDA:86,1,0,3
BRDA:86,1,1,1
BRF:4
BRH:4
end_of_record
TN:
SF:lib/gemini.ts
FN:23,(anonymous_2)
FNF:1
FNH:1
FNDA:7,(anonymous_2)
DA:1,1
DA:2,1
DA:3,1
DA:4,1
DA:11,1
DA:12,1
DA:13,1
DA:15,8
DA:30,7
DA:32,7
DA:33,7
DA:37,7
DA:38,7
DA:39,6
DA:41,6
DA:44,5
DA:46,5
DA:59,5
DA:70,5
DA:79,4
DA:80,1
DA:81,1
DA:86,1
DA:89,3
DA:92,3
DA:96,3
DA:98,3
DA:100,2
DA:101,2
DA:103,5
DA:104,5
LF:31
LH:31
BRDA:11,0,0,1
BRDA:11,0,1,1
BRDA:41,1,0,1
BRDA:41,1,1,5
BRDA:53,2,0,5
BRDA:53,2,1,0
BRDA:79,3,0,1
BRDA:79,3,1,3
BRDA:92,4,0,1
BRDA:92,4,1,2
BRDA:98,5,0,1
BRDA:98,5,1,2
BRF:12
BRH:11
end_of_record
TN:
SF:lib/logger.client.ts
FN:19,(anonymous_1)
FN:28,(anonymous_2)
FN:37,(anonymous_3)
FN:46,(anonymous_4)
FN:55,(anonymous_5)
FN:64,(anonymous_6)
FN:82,(anonymous_7)
FNF:7
FNH:7
FNDA:8,(anonymous_1)
FNDA:3,(anonymous_2)
FNDA:9,(anonymous_3)
FNDA:3,(anonymous_4)
FNDA:4,(anonymous_5)
FNDA:6,(anonymous_6)
FNDA:8,(anonymous_7)
DA:13,4
DA:14,4
DA:20,8
DA:21,8
DA:22,8
DA:29,3
DA:30,0
DA:38,9
DA:39,0
DA:47,3
DA:48,0
DA:56,4
DA:57,0
DA:65,6
DA:74,6
DA:75,0
DA:83,8
DA:92,8
DA:97,39
LF:19
LH:14
BRDA:21,0,0,8
BRDA:21,0,1,0
BRDA:29,1,0,0
BRDA:29,1,1,3
BRDA:29,2,0,3
BRDA:29,2,1,0
BRDA:38,3,0,0
BRDA:38,3,1,9
BRDA:47,4,0,0
BRDA:47,4,1,3
BRDA:56,5,0,0
BRDA:56,5,1,4
BRDA:67,6,0,3
BRDA:67,6,1,3
BRDA:74,7,0,0
BRDA:74,7,1,6
BRDA:85,8,0,1
BRDA:85,8,1,7
BRF:18
BRH:11
end_of_record
TN:
SF:lib/logger.ts
FN:22,(anonymous_1)
FN:31,(anonymous_2)
FN:40,(anonymous_3)
FN:47,(anonymous_4)
FN:56,(anonymous_5)
FN:62,(anonymous_6)
FN:69,(anonymous_7)
FN:75,(anonymous_8)
FN:82,(anonymous_9)
FN:97,(anonymous_10)
FN:104,(anonymous_11)
FN:117,(anonymous_12)
FNF:12
FNH:7
FNDA:5,(anonymous_1)
FNDA:6,(anonymous_2)
FNDA:34,(anonymous_3)
FNDA:0,(anonymous_4)
FNDA:3,(anonymous_5)
FNDA:0,(anonymous_6)
FNDA:38,(anonymous_7)
FNDA:0,(anonymous_8)
FNDA:15,(anonymous_9)
FNDA:0,(anonymous_10)
FNDA:5,(anonymous_11)
FNDA:0,(anonymous_12)
DA:7,14
DA:16,14
DA:17,14
DA:23,5
DA:24,5
DA:25,5
DA:32,6
DA:33,0
DA:41,34
DA:42,0
DA:46,34
DA:47,34
DA:57,3
DA:58,0
DA:61,3
DA:62,3
DA:70,38
DA:71,0
DA:74,38
DA:75,38
DA:83,15
DA:92,15
DA:93,0
DA:96,15
DA:97,15
DA:105,5
DA:114,5
DA:116,5
DA:117,5
DA:123,111
LF:30
LH:25
BRDA:24,0,0,5
BRDA:24,0,1,0
BRDA:32,1,0,0
BRDA:32,1,1,6
BRDA:32,2,0,6
BRDA:32,2,1,0
BRDA:41,3,0,0
BRDA:41,3,1,34
BRDA:46,4,0,34
BRDA:46,4,1,0
BRDA:47,5,0,34
BRDA:47,5,1,1
BRDA:57,6,0,0
BRDA:57,6,1,3
BRDA:61,7,0,3
BRDA:61,7,1,0
BRDA:62,8,0,3
BRDA:62,8,1,2
BRDA:70,9,0,0
BRDA:70,9,1,38
BRDA:74,10,0,38
BRDA:74,10,1,0
BRDA:75,11,0,38
BRDA:75,11,1,2
BRDA:85,12,0,8
BRDA:85,12,1,7
BRDA:92,13,0,0
BRDA:92,13,1,15
BRDA:96,14,0,15
BRDA:96,14,1,0
BRDA:107,15,0,1
BRDA:107,15,1,4
BRDA:116,16,0,5
BRDA:116,16,1,0
BRF:34
BRH:22
end_of_record
TN:
SF:lib/monitoring.ts
FN:14,getLogging
FN:21,getMonitoring
FN:32,(anonymous_4)
FN:70,(anonymous_5)
FNF:4
FNH:3
FNDA:95,getLogging
FNDA:0,getMonitoring
FNDA:95,(anonymous_4)
FNDA:9,(anonymous_5)
DA:1,13
DA:2,13
DA:3,13
DA:9,13
DA:10,13
DA:12,13
DA:15,95
DA:16,12
DA:17,12
DA:18,12
DA:22,0
DA:23,0
DA:24,0
DA:25,0
DA:28,97
DA:37,95
DA:38,95
DA:39,95
DA:41,95
DA:43,95
DA:53,95
DA:56,0
DA:57,0
DA:58,0
DA:72,9
LF:25
LH:18
BRDA:12,0,0,13
BRDA:12,0,1,13
BRDA:15,1,0,83
BRDA:15,1,1,12
BRDA:22,2,0,0
BRDA:22,2,1,0
BRDA:34,3,0,0
BRDA:35,4,0,13
BRDA:41,5,0,95
BRDA:41,5,1,95
BRDA:57,6,0,0
BRDA:57,6,1,0
BRDA:58,7,0,0
BRDA:58,7,1,0
BRF:14
BRH:7
end_of_record
TN:
SF:lib/rate-limiter.ts
FN:19,(anonymous_5)
FN:31,getClientIp
FN:42,isRateLimited
FN:58,(anonymous_8)
FN:72,getRemainingRequests
FN:89,getResetTime
FNF:6
FNH:5
FNDA:0,(anonymous_5)
FNDA:27,getClientIp
FNDA:573,isRateLimited
FNDA:26520,(anonymous_8)
FNDA:6,getRemainingRequests
FNDA:4,getResetTime
DA:12,2
DA:14,2
DA:15,2
DA:16,2
DA:19,2
DA:20,0
DA:21,0
DA:22,0
DA:23,0
DA:31,27
DA:32,27
DA:33,27
DA:34,3
DA:36,24
DA:42,574
DA:43,573
DA:44,573
DA:46,573
DA:48,15
DA:53,15
DA:54,15
DA:58,26520
DA:60,558
DA:61,5
DA:64,553
DA:65,553
DA:66,553
DA:72,6
DA:73,6
DA:74,6
DA:75,1
DA:78,5
DA:79,5
DA:80,0
DA:83,5
DA:89,4
DA:90,4
DA:91,4
LF:38
LH:33
BRDA:22,0,0,0
BRDA:22,0,1,0
BRDA:33,1,0,3
BRDA:33,1,1,24
BRDA:36,2,0,24
BRDA:36,2,1,23
BRDA:46,3,0,15
BRDA:46,3,1,558
BRDA:46,4,0,573
BRDA:46,4,1,560
BRDA:60,5,0,5
BRDA:60,5,1,553
BRDA:74,6,0,1
BRDA:74,6,1,5
BRDA:79,7,0,0
BRDA:79,7,1,5
BRDA:91,8,0,4
BRDA:91,8,1,0
BRF:18
BRH:14
end_of_record
TN:
SF:lib/security/audit-logger.ts
FN:43,logSecurityEvent
FN:87,logAuthAttempt
FN:105,logAuthorizationCheck
FN:125,logRateLimitEvent
FN:142,logSecretAccess
FN:158,logAdminAction
FN:177,logSuspiciousActivity
FN:194,logDataAccess
FNF:8
FNH:8
FNDA:36,logSecurityEvent
FNDA:24,logAuthAttempt
FNDA:2,logAuthorizationCheck
FNDA:1,logRateLimitEvent
FNDA:2,logSecretAccess
FNDA:1,logAdminAction
FNDA:1,logSuspiciousActivity
FNDA:2,logDataAccess
DA:6,2
DA:7,2
DA:43,3
DA:44,36
DA:46,36
DA:63,36
DA:64,21
DA:66,15
DA:70,36
DA:71,0
DA:72,0
DA:79,0
DA:87,24
DA:93,24
DA:105,2
DA:112,2
DA:125,1
DA:130,1
DA:142,2
DA:147,2
DA:158,1
DA:164,1
DA:177,1
DA:182,1
DA:194,2
DA:200,2
LF:26
LH:23
BRDA:49,0,0,36
BRDA:49,0,1,3
BRDA:50,1,0,36
BRDA:50,1,1,8
BRDA:51,2,0,36
BRDA:51,2,1,36
BRDA:63,3,0,21
BRDA:63,3,1,15
BRDA:70,4,0,0
BRDA:70,4,1,36
BRDA:74,5,0,0
BRDA:74,5,1,0
BRDA:94,6,0,14
BRDA:94,6,1,10
BRDA:135,7,0,1
BRDA:135,7,1,0
BRDA:148,8,0,1
BRDA:148,8,1,1
BRDA:201,9,0,1
BRDA:201,9,1,1
BRF:20
BRH:16
end_of_record
TN:
SF:lib/security/csrf.ts
FN:16,(anonymous_6)
FN:28,generateCSRFToken
FN:40,verifyCSRFToken
FN:61,extractCSRFToken
FN:76,validateCSRF
FN:95,generateRandomToken
FN:104,constantTimeCompare
FN:120,revokeCSRFToken
FNF:8
FNH:5
FNDA:0,(anonymous_6)
FNDA:9,generateCSRFToken
FNDA:9,verifyCSRFToken
FNDA:0,extractCSRFToken
FNDA:0,validateCSRF
FNDA:9,generateRandomToken
FNDA:7,constantTimeCompare
FNDA:12,revokeCSRFToken
DA:7,1
DA:10,1
DA:12,1
DA:13,1
DA:16,1
DA:17,0
DA:18,0
DA:19,0
DA:20,0
DA:28,9
DA:29,9
DA:30,9
DA:34,9
DA:40,9
DA:41,9
DA:43,9
DA:44,2
DA:45,2
DA:48,7
DA:49,0
DA:50,0
DA:51,0
DA:55,7
DA:61,0
DA:63,0
DA:64,0
DA:65,0
DA:70,0
DA:76,0
DA:78,0
DA:79,0
DA:80,0
DA:83,0
DA:84,0
DA:85,0
DA:86,0
DA:89,0
DA:96,9
DA:97,9
DA:98,9
DA:105,7
DA:106,1
DA:109,6
DA:110,6
DA:111,258
DA:114,6
DA:120,12
DA:121,12
LF:48
LH:27
BRDA:19,0,0,0
BRDA:19,0,1,0
BRDA:43,1,0,2
BRDA:43,1,1,7
BRDA:48,2,0,0
BRDA:48,2,1,7
BRDA:64,3,0,0
BRDA:64,3,1,0
BRDA:79,4,0,0
BRDA:79,4,1,0
BRDA:84,5,0,0
BRDA:84,5,1,0
BRDA:105,6,0,1
BRDA:105,6,1,6
BRF:14
BRH:5
end_of_record
TN:
SF:lib/security/ssrf-protection.ts
FN:35,validateURL
FN:89,safeFetch
FN:101,(anonymous_6)
FN:119,validateWebhookURL
FNF:4
FNH:2
FNDA:22,validateURL
FNDA:0,safeFetch
FNDA:0,(anonymous_6)
FNDA:5,validateWebhookURL
DA:6,1
DA:9,1
DA:23,1
DA:26,1
DA:35,17
DA:36,22
DA:37,22
DA:40,20
DA:41,2
DA:42,2
DA:46,18
DA:47,18
DA:48,4
DA:49,4
DA:53,14
DA:54,104
DA:55,5
DA:56,5
DA:61,9
DA:62,9
DA:64,3
DA:65,3
DA:66,3
DA:71,6
DA:72,0
DA:73,0
DA:74,0
DA:75,0
DA:79,6
DA:81,2
DA:82,2
DA:89,0
DA:93,0
DA:95,0
DA:96,0
DA:100,0
DA:101,0
DA:103,0
DA:104,0
DA:108,0
DA:109,0
DA:111,0
DA:112,0
DA:119,5
DA:120,5
DA:122,5
DA:123,3
DA:124,3
DA:128,2
DA:129,2
DA:132,2
DA:133,0
DA:134,0
DA:137,2
DA:139,0
LF:55
LH:36
BRDA:40,0,0,2
BRDA:40,0,1,18
BRDA:47,1,0,4
BRDA:47,1,1,14
BRDA:54,2,0,5
BRDA:54,2,1,99
BRDA:62,3,0,3
BRDA:62,3,1,6
BRDA:64,4,0,3
BRDA:64,4,1,0
BRDA:64,5,0,3
BRDA:64,5,1,2
BRDA:64,5,2,1
BRDA:64,5,3,0
BRDA:71,6,0,0
BRDA:71,6,1,6
BRDA:73,7,0,0
BRDA:73,7,1,0
BRDA:95,8,0,0
BRDA:95,8,1,0
BRDA:122,9,0,3
BRDA:122,9,1,2
BRDA:132,10,0,0
BRDA:132,10,1,2
BRDA:132,11,0,2
BRDA:132,11,1,0
BRF:26
BRH:17
end_of_record
TN:
SF:lib/services/arrival.service.ts
FN:11,(anonymous_1)
FNF:1
FNH:1
FNDA:8,(anonymous_1)
DA:10,8
DA:13,8
DA:14,8
DA:15,8
DA:16,8
DA:18,8
LF:6
LH:6
BRDA:15,0,0,4
BRDA:15,0,1,4
BRDA:16,1,0,2
BRDA:16,1,1,6
BRF:4
BRH:4
end_of_record
TN:
SF:lib/services/feedback.service.ts
FN:40,(anonymous_1)
FN:60,(anonymous_2)
FN:78,(anonymous_3)
FN:93,(anonymous_4)
FN:96,(anonymous_5)
FN:100,(anonymous_6)
FN:105,(anonymous_7)
FN:109,(anonymous_8)
FN:118,(anonymous_9)
FN:120,(anonymous_10)
FN:126,(anonymous_11)
FN:127,(anonymous_12)
FN:144,(anonymous_13)
FN:158,(anonymous_14)
FN:164,(anonymous_15)
FN:183,(anonymous_16)
FNF:16
FNH:16
FNDA:4,(anonymous_1)
FNDA:4,(anonymous_2)
FNDA:6,(anonymous_3)
FNDA:6,(anonymous_4)
FNDA:6,(anonymous_5)
FNDA:6,(anonymous_6)
FNDA:6,(anonymous_7)
FNDA:4,(anonymous_8)
FNDA:6,(anonymous_9)
FNDA:6,(anonymous_10)
FNDA:2,(anonymous_11)
FNDA:1,(anonymous_12)
FNDA:1,(anonymous_13)
FNDA:2,(anonymous_14)
FNDA:1,(anonymous_15)
FNDA:1,(anonymous_16)
DA:1,1
DA:2,1
DA:36,9
DA:41,4
DA:42,4
DA:44,4
DA:50,4
DA:52,4
DA:54,4
DA:65,4
DA:66,4
DA:70,4
DA:71,1
DA:73,4
DA:74,1
DA:77,4
DA:78,6
DA:80,4
DA:81,2
DA:93,6
DA:94,2
DA:96,6
DA:97,2
DA:100,6
DA:101,2
DA:104,2
DA:105,6
DA:107,2
DA:108,2
DA:109,2
DA:110,4
DA:111,4
DA:112,4
DA:114,2
DA:118,6
DA:119,2
DA:120,2
DA:121,6
DA:122,2
DA:125,2
DA:126,2
DA:127,1
DA:130,2
DA:149,1
DA:150,1
DA:158,2
DA:170,1
DA:189,1
LF:48
LH:48
BRDA:61,0,0,0
BRDA:70,1,0,1
BRDA:70,1,1,3
BRDA:73,2,0,1
BRDA:73,2,1,3
BRDA:80,3,0,2
BRDA:80,3,1,2
BRDA:105,4,0,6
BRDA:105,4,1,4
BRDA:108,5,0,2
BRDA:108,5,1,0
BRDA:110,6,0,4
BRDA:110,6,1,0
BRDA:110,7,0,4
BRDA:110,7,1,0
BRDA:121,8,0,2
BRDA:121,8,1,4
BRDA:122,9,0,2
BRDA:122,9,1,2
BRDA:146,10,0,0
BRDA:147,11,0,0
BRDA:168,12,0,0
BRDA:187,13,0,0
BRF:23
BRH:15
end_of_record
TN:
SF:lib/services/incident.service.ts
FN:16,(anonymous_1)
FN:41,(anonymous_2)
FN:51,(anonymous_3)
FN:60,(anonymous_4)
FN:87,(anonymous_5)
FN:107,(anonymous_6)
FN:117,(anonymous_7)
FN:126,(anonymous_8)
FN:146,(anonymous_9)
FN:150,(anonymous_10)
FN:160,(anonymous_11)
FN:162,(anonymous_12)
FN:180,(anonymous_13)
FN:181,(anonymous_14)
FN:182,(anonymous_15)
FN:198,(anonymous_16)
FNF:16
FNH:16
FNDA:3,(anonymous_1)
FNDA:4,(anonymous_2)
FNDA:5,(anonymous_3)
FNDA:2,(anonymous_4)
FNDA:2,(anonymous_5)
FNDA:1,(anonymous_6)
FNDA:2,(anonymous_7)
FNDA:2,(anonymous_8)
FNDA:2,(anonymous_9)
FNDA:3,(anonymous_10)
FNDA:2,(anonymous_11)
FNDA:2,(anonymous_12)
FNDA:2,(anonymous_13)
FNDA:1,(anonymous_14)
FNDA:1,(anonymous_15)
FNDA:1,(anonymous_16)
DA:1,1
DA:2,1
DA:12,14
DA:17,3
DA:18,3
DA:20,3
DA:27,3
DA:29,3
DA:35,3
DA:42,4
DA:43,4
DA:51,5
DA:65,2
DA:66,2
DA:71,2
DA:72,1
DA:75,2
DA:76,1
DA:79,2
DA:81,2
DA:88,2
DA:89,2
DA:91,2
DA:97,2
DA:99,2
DA:101,2
DA:108,1
DA:109,1
DA:117,2
DA:127,2
DA:128,2
DA:132,2
DA:133,1
DA:134,1
DA:135,1
DA:138,2
DA:140,2
DA:147,2
DA:149,2
DA:150,3
DA:153,2
DA:160,2
DA:161,2
DA:162,2
DA:166,2
DA:169,2
DA:170,2
DA:171,1
DA:172,1
DA:173,0
DA:174,1
DA:175,0
DA:179,2
DA:180,2
DA:181,1
DA:182,1
DA:184,2
DA:206,1
LF:58
LH:56
BRDA:71,0,0,1
BRDA:71,0,1,1
BRDA:75,1,0,1
BRDA:75,1,1,1
BRDA:132,2,0,1
BRDA:132,2,1,1
BRDA:134,3,0,1
BRDA:134,3,1,0
BRDA:161,4,0,1
BRDA:161,4,1,1
BRDA:162,5,0,2
BRDA:162,5,1,0
BRDA:170,6,0,1
BRDA:170,6,1,1
BRDA:170,7,0,2
BRDA:170,7,1,1
BRDA:172,8,0,0
BRDA:172,8,1,1
BRDA:172,9,0,1
BRDA:172,9,1,1
BRDA:174,10,0,0
BRDA:174,10,1,1
BRDA:174,11,0,1
BRDA:174,11,1,1
BRDA:180,12,0,2
BRDA:180,12,1,0
BRF:26
BRH:21
end_of_record
TN:
SF:lib/services/maps.service.ts
FN:33,(anonymous_1)
FNF:1
FNH:1
FNDA:5,(anonymous_1)
DA:5,1
DA:29,18
DA:34,5
DA:35,5
DA:43,4
DA:44,1
DA:45,1
DA:48,3
DA:49,3
DA:51,1
DA:52,1
DA:54,1
LF:12
LH:12
BRDA:43,0,0,1
BRDA:43,0,1,3
BRDA:49,1,0,3
BRDA:49,1,1,2
BRDA:51,2,0,1
BRDA:51,2,1,0
BRF:6
BRH:5
end_of_record
TN:
SF:lib/services/notification.service.ts
FN:12,(anonymous_1)
FN:44,(anonymous_2)
FN:70,(anonymous_3)
FNF:3
FNH:3
FNDA:3,(anonymous_1)
FNDA:2,(anonymous_2)
FNDA:3,(anonymous_3)
DA:1,4
DA:2,4
DA:8,8
DA:18,3
DA:19,3
DA:33,2
DA:34,2
DA:36,1
DA:37,1
DA:50,2
DA:51,2
DA:59,1
DA:60,1
DA:62,1
DA:63,1
DA:71,3
DA:72,3
DA:73,2
DA:74,2
DA:76,1
DA:77,1
LF:21
LH:21
BRDA:25,0,0,3
BRDA:25,0,1,2
BRDA:57,1,0,2
BRDA:57,1,1,2
BRF:4
BRH:4
end_of_record
TN:
SF:lib/types/errors.ts
FN:7,(anonymous_12)
FN:20,(anonymous_13)
FN:28,(anonymous_14)
FN:36,(anonymous_15)
FN:44,(anonymous_16)
FN:52,(anonymous_17)
FN:60,(anonymous_18)
FN:73,(anonymous_19)
FN:83,isAppError
FN:90,getErrorMessage
FN:103,toAppError
FNF:11
FNH:11
FNDA:32,(anonymous_12)
FNDA:6,(anonymous_13)
FNDA:5,(anonymous_14)
FNDA:2,(anonymous_15)
FNDA:3,(anonymous_16)
FNDA:2,(anonymous_17)
FNDA:4,(anonymous_18)
FNDA:2,(anonymous_19)
FNDA:18,isAppError
FNDA:9,getErrorMessage
FNDA:6,toAppError
DA:6,15
DA:13,32
DA:14,32
DA:15,32
DA:19,8
DA:21,6
DA:22,6
DA:23,6
DA:27,6
DA:29,5
DA:30,5
DA:31,5
DA:35,2
DA:37,2
DA:38,2
DA:39,2
DA:43,3
DA:45,3
DA:46,3
DA:47,3
DA:51,2
DA:53,2
DA:54,2
DA:55,2
DA:59,4
DA:61,4
DA:67,4
DA:68,4
DA:72,2
DA:74,2
DA:75,2
DA:76,2
DA:83,12
DA:84,18
DA:90,9
DA:91,9
DA:92,4
DA:94,5
DA:95,1
DA:97,4
DA:103,6
DA:104,6
DA:105,2
DA:108,4
DA:109,1
DA:112,3
LF:46
LH:46
BRDA:10,0,0,1
BRDA:28,1,0,1
BRDA:36,2,0,1
BRDA:52,3,0,1
BRDA:91,4,0,4
BRDA:91,4,1,5
BRDA:94,5,0,1
BRDA:94,5,1,4
BRDA:104,6,0,2
BRDA:104,6,1,4
BRDA:108,7,0,1
BRDA:108,7,1,3
BRF:12
BRH:12
end_of_record
TN:
SF:lib/utils/validation.ts
FN:10,(anonymous_4)
FN:22,(anonymous_5)
FN:43,(anonymous_6)
FN:58,(anonymous_7)
FN:73,(anonymous_8)
FN:86,(anonymous_9)
FN:103,(anonymous_10)
FN:130,(anonymous_11)
FN:146,(anonymous_12)
FN:161,(anonymous_13)
FN:180,(anonymous_14)
FN:196,validateSafe
FNF:12
FNH:12
FNDA:30,(anonymous_4)
FNDA:4,(anonymous_5)
FNDA:15,(anonymous_6)
FNDA:5,(anonymous_7)
FNDA:6,(anonymous_8)
FNDA:4,(anonymous_9)
FNDA:10,(anonymous_10)
FNDA:3,(anonymous_11)
FNDA:3,(anonymous_12)
FNDA:6,(anonymous_13)
FNDA:7,(anonymous_14)
FNDA:3,validateSafe
DA:7,1
DA:9,28
DA:14,30
DA:18,53
DA:23,4
DA:24,1
DA:27,3
DA:29,3
DA:30,1
DA:33,2
DA:34,1
DA:37,1
DA:44,15
DA:45,2
DA:48,13
DA:49,4
DA:52,9
DA:59,5
DA:60,1
DA:63,4
DA:64,2
DA:67,2
DA:74,6
DA:76,6
DA:77,2
DA:80,4
DA:87,4
DA:88,2
DA:91,2
DA:93,2
DA:104,10
DA:105,1
DA:108,9
DA:110,9
DA:111,9
DA:112,1
DA:115,8
DA:116,2
DA:119,6
DA:131,3
DA:132,1
DA:135,2
DA:136,2
DA:137,1
DA:140,1
DA:147,3
DA:148,1
DA:151,2
DA:152,1
DA:155,1
DA:162,6
DA:163,1
DA:166,5
DA:167,1
DA:170,4
DA:171,1
DA:174,3
DA:181,7
DA:182,1
DA:185,6
DA:186,2
DA:189,4
DA:196,3
DA:200,3
DA:201,3
DA:203,2
DA:204,2
LF:67
LH:67
BRDA:23,0,0,1
BRDA:23,0,1,3
BRDA:23,1,0,4
BRDA:23,1,1,4
BRDA:29,2,0,1
BRDA:29,2,1,2
BRDA:29,3,0,3
BRDA:29,3,1,3
BRDA:29,3,2,3
BRDA:33,4,0,1
BRDA:33,4,1,1
BRDA:33,5,0,2
BRDA:33,5,1,2
BRDA:33,5,2,2
BRDA:44,6,0,2
BRDA:44,6,1,13
BRDA:44,7,0,15
BRDA:44,7,1,14
BRDA:48,8,0,4
BRDA:48,8,1,9
BRDA:59,9,0,1
BRDA:59,9,1,4
BRDA:63,10,0,2
BRDA:63,10,1,2
BRDA:63,11,0,4
BRDA:63,11,1,3
BRDA:76,12,0,2
BRDA:76,12,1,4
BRDA:87,13,0,2
BRDA:87,13,1,2
BRDA:87,14,0,4
BRDA:87,14,1,3
BRDA:104,15,0,1
BRDA:104,15,1,9
BRDA:104,16,0,10
BRDA:104,16,1,10
BRDA:111,17,0,1
BRDA:111,17,1,8
BRDA:115,18,0,2
BRDA:115,18,1,6
BRDA:115,19,0,8
BRDA:115,19,1,7
BRDA:122,20,0,6
BRDA:122,20,1,5
BRDA:131,21,0,1
BRDA:131,21,1,2
BRDA:136,22,0,1
BRDA:136,22,1,1
BRDA:147,23,0,1
BRDA:147,23,1,2
BRDA:151,24,0,1
BRDA:151,24,1,1
BRDA:161,25,0,3
BRDA:161,26,0,4
BRDA:162,27,0,1
BRDA:162,27,1,5
BRDA:166,28,0,1
BRDA:166,28,1,4
BRDA:170,29,0,1
BRDA:170,29,1,3
BRDA:180,30,0,3
BRDA:180,31,0,4
BRDA:181,32,0,1
BRDA:181,32,1,6
BRDA:185,33,0,2
BRDA:185,33,1,4
BRDA:185,34,0,6
BRDA:185,34,1,5
BRDA:198,35,0,2
BRF:69
BRH:69
end_of_record
