TN:
SF:proxy.ts
FN:18,proxy
FNF:1
FNH:1
FNDA:109,proxy
DA:1,1
DA:6,1
DA:8,1
DA:9,1
DA:18,109
DA:20,109
DA:21,108
DA:22,108
DA:24,108
DA:26,108
DA:27,1
DA:30,108
DA:31,108
DA:33,108
DA:34,58
DA:41,50
DA:42,50
DA:43,50
DA:44,50
DA:45,50
DA:48,50
DA:49,50
DA:51,50
DA:54,1
DA:58,1
LF:25
LH:25
BRDA:20,0,0,108
BRDA:20,0,1,1
BRDA:21,1,0,108
BRDA:21,1,1,0
BRDA:26,2,0,1
BRDA:26,2,1,107
BRDA:26,3,0,108
BRDA:26,3,1,107
BRDA:33,4,0,58
BRDA:33,4,1,50
BRF:10
BRH:9
end_of_record
TN:
SF:components/AuraMap.tsx
FN:27,AuraMap
FN:41,(anonymous_5)
FN:42,(anonymous_6)
FN:76,(anonymous_7)
FN:103,(anonymous_8)
FN:119,(anonymous_9)
FN:140,(anonymous_10)
FN:141,(anonymous_11)
FN:153,(anonymous_12)
FN:166,(anonymous_13)
FN:181,(anonymous_14)
FNF:11
FNH:7
FNDA:14,AuraMap
FNDA:12,(anonymous_5)
FNDA:12,(anonymous_6)
FNDA:12,(anonymous_7)
FNDA:96,(anonymous_8)
FNDA:0,(anonymous_9)
FNDA:14,(anonymous_10)
FNDA:0,(anonymous_11)
FNDA:12,(anonymous_12)
FNDA:0,(anonymous_13)
FNDA:0,(anonymous_14)
DA:3,1
DA:4,1
DA:6,1
DA:19,1
DA:20,1
DA:24,1
DA:27,14
DA:36,14
DA:37,14
DA:38,14
DA:39,14
DA:41,14
DA:42,12
DA:43,12
DA:44,12
DA:45,12
DA:46,12
DA:47,12
DA:49,12
DA:50,12
DA:61,12
DA:64,12
DA:65,12
DA:68,0
DA:69,0
DA:73,12
DA:76,14
DA:77,12
DA:78,12
DA:80,12
DA:87,12
DA:89,12
DA:90,48
DA:100,48
DA:102,48
DA:103,48
DA:104,96
DA:111,96
DA:119,96
DA:120,0
DA:121,0
DA:128,96
DA:129,96
DA:133,12
DA:135,0
DA:140,14
DA:141,14
DA:142,0
DA:143,0
DA:145,0
DA:153,14
DA:154,12
DA:155,0
DA:156,0
DA:165,0
DA:166,0
DA:168,0
DA:170,0
DA:171,0
DA:172,0
DA:174,0
DA:175,0
DA:177,0
DA:181,0
DA:182,0
LF:65
LH:44
BRDA:19,0,0,1
BRDA:19,0,1,0
BRDA:19,1,0,1
BRDA:19,1,1,1
BRDA:28,2,0,13
BRDA:29,3,0,13
BRDA:30,4,0,13
BRDA:31,5,0,13
BRDA:33,6,0,9
BRDA:49,7,0,12
BRDA:49,7,1,0
BRDA:49,8,0,12
BRDA:49,8,1,12
BRDA:102,9,0,48
BRDA:102,9,1,0
BRDA:120,10,0,0
BRDA:120,10,1,0
BRDA:142,11,0,0
BRDA:142,11,1,0
BRDA:142,12,0,0
BRDA:142,12,1,0
BRDA:154,13,0,0
BRDA:154,13,1,12
BRDA:154,14,0,12
BRDA:154,14,1,0
BRDA:159,15,0,0
BRDA:159,15,1,0
BRDA:168,16,0,0
BRDA:168,16,1,0
BRDA:174,17,0,0
BRDA:174,17,1,0
BRDA:201,18,0,3
BRDA:201,18,1,11
BRDA:204,19,0,14
BRF:34
BRH:17
end_of_record
TN:
SF:components/AuthProvider.tsx
FN:17,AuthProvider
FN:22,(anonymous_7)
FN:26,(anonymous_8)
FN:35,(anonymous_9)
FN:42,(anonymous_10)
FN:49,(anonymous_11)
FN:59,(anonymous_12)
FNF:7
FNH:5
FNDA:18,AuthProvider
FNDA:9,(anonymous_7)
FNDA:9,(anonymous_8)
FNDA:2,(anonymous_9)
FNDA:0,(anonymous_10)
FNDA:9,(anonymous_11)
FNDA:0,(anonymous_12)
DA:3,1
DA:4,1
DA:5,1
DA:6,1
DA:7,1
DA:15,1
DA:17,9
DA:18,18
DA:19,18
DA:20,18
DA:22,18
DA:24,9
DA:26,9
DA:27,9
DA:29,9
DA:31,2
DA:34,2
DA:35,2
DA:36,2
DA:37,2
DA:39,2
DA:42,2
DA:44,7
DA:45,7
DA:49,9
DA:59,1
LF:26
LH:26
BRDA:29,0,0,2
BRDA:29,0,1,7
BRDA:31,1,0,2
BRDA:31,1,1,0
BRDA:36,2,0,2
BRDA:36,2,1,0
BRDA:54,3,0,18
BRDA:54,3,1,7
BRF:8
BRH:6
end_of_record
TN:
SF:components/FeedbackButton.tsx
FN:14,FeedbackButton
FN:28,(anonymous_2)
FN:48,(anonymous_3)
FN:61,(anonymous_4)
FN:84,(anonymous_5)
FN:111,(anonymous_6)
FN:125,(anonymous_7)
FN:135,(anonymous_8)
FN:143,(anonymous_9)
FN:158,(anonymous_10)
FN:161,(anonymous_11)
FN:183,(anonymous_12)
FN:198,(anonymous_13)
FNF:13
FNH:12
FNDA:41,FeedbackButton
FNDA:5,(anonymous_2)
FNDA:1,(anonymous_3)
FNDA:1,(anonymous_4)
FNDA:0,(anonymous_5)
FNDA:12,(anonymous_6)
FNDA:1,(anonymous_7)
FNDA:4,(anonymous_8)
FNDA:1,(anonymous_9)
FNDA:115,(anonymous_10)
FNDA:3,(anonymous_11)
FNDA:1,(anonymous_12)
FNDA:1,(anonymous_13)
DA:3,1
DA:4,1
DA:5,1
DA:14,13
DA:20,41
DA:21,41
DA:22,41
DA:23,41
DA:24,41
DA:25,41
DA:26,41
DA:28,41
DA:29,5
DA:31,4
DA:32,4
DA:33,4
DA:46,4
DA:47,3
DA:48,3
DA:49,1
DA:50,1
DA:51,1
DA:55,0
DA:57,4
DA:61,41
DA:62,1
DA:64,1
DA:65,1
DA:66,1
DA:82,1
DA:83,1
DA:84,1
DA:85,0
DA:86,0
DA:87,0
DA:88,0
DA:89,0
DA:90,0
DA:94,0
DA:96,1
DA:100,41
DA:108,37
DA:111,12
DA:125,1
DA:135,4
DA:143,1
DA:159,115
DA:161,3
DA:183,1
DA:198,1
LF:50
LH:42
BRDA:29,0,0,1
BRDA:29,0,1,4
BRDA:40,1,0,3
BRDA:40,1,1,1
BRDA:46,2,0,3
BRDA:46,2,1,1
BRDA:62,3,0,0
BRDA:62,3,1,1
BRDA:62,4,0,1
BRDA:62,4,1,1
BRDA:75,5,0,1
BRDA:75,5,1,0
BRDA:82,6,0,1
BRDA:82,6,1,0
BRDA:100,7,0,4
BRDA:100,7,1,37
BRDA:108,8,0,14
BRDA:108,8,1,23
BRDA:163,9,0,22
BRDA:163,9,1,93
BRDA:163,10,0,115
BRDA:163,10,1,25
BRDA:174,11,0,23
BRDA:182,12,0,2
BRDA:182,12,1,1
BRDA:183,13,0,1
BRDA:183,13,1,0
BRDA:207,14,0,23
BRDA:207,14,1,5
BRDA:210,15,0,5
BRDA:210,15,1,18
BRF:31
BRH:27
end_of_record
TN:
SF:components/MatchWidget.tsx
FN:12,MatchWidget
FN:17,(anonymous_2)
FN:18,(anonymous_3)
FN:35,(anonymous_4)
FNF:4
FNH:4
FNDA:22,MatchWidget
FNDA:11,(anonymous_2)
FNDA:12,(anonymous_3)
FNDA:11,(anonymous_4)
DA:3,1
DA:4,1
DA:5,1
DA:12,11
DA:13,22
DA:14,22
DA:15,22
DA:17,22
DA:18,11
DA:19,12
DA:20,12
DA:22,12
DA:23,4
DA:24,4
DA:26,4
DA:27,3
DA:32,11
DA:33,11
DA:35,11
DA:38,22
LF:20
LH:20
BRDA:12,0,0,12
BRDA:12,1,0,12
BRDA:22,2,0,4
BRDA:22,2,1,8
BRDA:26,3,0,3
BRDA:26,3,1,1
BRDA:38,4,0,11
BRDA:38,4,1,11
BRDA:93,5,0,11
BRDA:93,5,1,4
BRDA:95,6,0,1
BRDA:95,6,1,2
BRDA:101,7,0,1
BRDA:107,8,0,1
BRDA:107,8,1,2
BRDA:109,9,0,1
BRDA:109,9,1,2
BRDA:112,10,0,1
BRDA:112,10,1,2
BRDA:124,11,0,11
BRDA:124,11,1,3
BRF:21
BRH:21
end_of_record
TN:
SF:lib/auth-middleware.ts
FN:27,verifyToken
FN:46,requireAuth
FN:57,verifyPubSubToken
FNF:3
FNH:3
FNDA:22,verifyToken
FNDA:4,requireAuth
FNDA:8,verifyPubSubToken
DA:7,1
DA:8,1
DA:9,1
DA:12,1
DA:18,1
DA:19,0
DA:27,18
DA:28,22
DA:29,22
DA:30,22
DA:31,5
DA:34,17
DA:35,17
DA:36,13
DA:38,4
DA:39,4
DA:46,4
DA:47,4
DA:48,4
DA:49,3
DA:51,1
DA:57,8
DA:58,8
DA:59,8
DA:61,8
DA:62,4
DA:66,4
LF:27
LH:26
BRDA:18,0,0,0
BRDA:18,0,1,1
BRDA:18,1,0,1
BRDA:18,1,1,0
BRDA:30,2,0,5
BRDA:30,2,1,17
BRDA:48,3,0,3
BRDA:48,3,1,1
BRDA:61,4,0,4
BRDA:61,4,1,4
BRDA:61,5,0,8
BRDA:61,5,1,5
BRF:12
BRH:10
end_of_record
TN:
SF:lib/bigquery.ts
FN:11,getBigQueryClient
FN:43,(anonymous_3)
FN:74,(anonymous_4)
FN:104,(anonymous_5)
FNF:4
FNH:4
FNDA:7,getBigQueryClient
FNDA:2,(anonymous_3)
FNDA:2,(anonymous_4)
FNDA:4,(anonymous_5)
DA:1,1
DA:3,1
DA:9,1
DA:12,7
DA:14,1
DA:16,1
DA:17,1
DA:18,1
DA:23,0
DA:24,0
DA:27,1
DA:30,1
DA:31,1
DA:34,1
DA:35,1
DA:37,8
DA:49,2
DA:50,2
DA:51,2
DA:52,2
DA:54,2
DA:63,2
DA:64,2
DA:67,0
DA:75,2
DA:76,2
DA:88,2
DA:93,2
DA:94,2
DA:105,4
DA:106,4
DA:107,4
DA:108,4
DA:109,1
DA:110,1
DA:111,1
DA:115,3
DA:116,3
DA:123,3
DA:129,3
DA:130,2
DA:132,2
DA:133,2
DA:135,1
DA:136,1
LF:45
LH:42
BRDA:12,0,0,6
BRDA:12,0,1,1
BRDA:59,1,0,2
BRDA:59,1,1,1
BRDA:59,1,2,1
BRDA:94,2,0,2
BRDA:94,2,1,1
BRDA:108,3,0,1
BRDA:108,3,1,3
BRDA:110,4,0,1
BRDA:110,4,1,0
BRDA:130,5,0,2
BRDA:130,5,1,0
BRF:13
BRH:11
end_of_record
TN:
SF:lib/db.ts
FN:69,(anonymous_4)
FN:132,(anonymous_5)
FN:165,(anonymous_6)
FNF:3
FNH:3
FNDA:4,(anonymous_4)
FNDA:4,(anonymous_5)
FNDA:3,(anonymous_6)
DA:8,1
DA:9,1
DA:69,4
DA:70,4
DA:71,4
DA:73,4
DA:74,3
DA:75,3
DA:132,4
DA:133,4
DA:134,4
DA:136,4
DA:137,3
DA:138,3
DA:158,3
DA:159,3
DA:162,1
DA:165,3
DA:166,3
DA:167,3
LF:20
LH:20
BRDA:73,0,0,3
BRDA:73,0,1,1
BRDA:136,1,0,3
BRDA:136,1,1,1
BRF:4
BRH:4
end_of_record
TN:
SF:lib/gemini.ts
FN:22,(anonymous_2)
FNF:1
FNH:1
FNDA:7,(anonymous_2)
DA:1,1
DA:2,1
DA:3,1
DA:10,1
DA:11,1
DA:12,1
DA:14,8
DA:29,7
DA:31,7
DA:32,7
DA:36,7
DA:37,7
DA:38,6
DA:40,6
DA:43,5
DA:45,5
DA:58,5
DA:69,5
DA:78,4
DA:79,1
DA:80,1
DA:81,1
DA:84,3
DA:87,3
DA:90,3
DA:92,2
DA:93,2
DA:95,5
DA:96,5
LF:29
LH:29
BRDA:10,0,0,1
BRDA:10,0,1,1
BRDA:40,1,0,1
BRDA:40,1,1,5
BRDA:52,2,0,5
BRDA:52,2,1,0
BRDA:78,3,0,1
BRDA:78,3,1,3
BRDA:87,4,0,3
BRDA:87,4,1,2
BRDA:90,5,0,1
BRDA:90,5,1,2
BRF:12
BRH:11
end_of_record
TN:
SF:lib/rate-limiter.ts
FN:19,(anonymous_5)
FN:31,getClientIp
FN:42,isRateLimited
FN:58,(anonymous_8)
FN:72,getRemainingRequests
FN:89,getResetTime
FNF:6
FNH:5
FNDA:0,(anonymous_5)
FNDA:5,getClientIp
FNDA:573,isRateLimited
FNDA:26520,(anonymous_8)
FNDA:6,getRemainingRequests
FNDA:4,getResetTime
DA:12,1
DA:14,1
DA:15,1
DA:16,1
DA:19,1
DA:20,0
DA:21,0
DA:22,0
DA:23,0
DA:31,5
DA:32,5
DA:33,5
DA:34,3
DA:36,2
DA:42,574
DA:43,573
DA:44,573
DA:46,573
DA:48,15
DA:53,15
DA:54,15
DA:58,26520
DA:60,558
DA:61,5
DA:64,553
DA:65,553
DA:66,553
DA:72,6
DA:73,6
DA:74,6
DA:75,1
DA:78,5
DA:79,5
DA:80,0
DA:83,5
DA:89,4
DA:90,4
DA:91,4
LF:38
LH:33
BRDA:22,0,0,0
BRDA:22,0,1,0
BRDA:33,1,0,3
BRDA:33,1,1,2
BRDA:36,2,0,2
BRDA:36,2,1,1
BRDA:46,3,0,15
BRDA:46,3,1,558
BRDA:46,4,0,573
BRDA:46,4,1,560
BRDA:60,5,0,5
BRDA:60,5,1,553
BRDA:74,6,0,1
BRDA:74,6,1,5
BRDA:79,7,0,0
BRDA:79,7,1,5
BRDA:91,8,0,4
BRDA:91,8,1,0
BRF:18
BRH:14
end_of_record
TN:
SF:lib/validation.ts
FN:9,(anonymous_4)
FN:21,(anonymous_5)
FN:42,(anonymous_6)
FN:57,(anonymous_7)
FN:72,(anonymous_8)
FN:85,(anonymous_9)
FN:100,(anonymous_10)
FN:125,(anonymous_11)
FN:141,(anonymous_12)
FN:156,(anonymous_13)
FN:175,(anonymous_14)
FN:191,validateSafe
FNF:12
FNH:12
FNDA:30,(anonymous_4)
FNDA:4,(anonymous_5)
FNDA:15,(anonymous_6)
FNDA:5,(anonymous_7)
FNDA:6,(anonymous_8)
FNDA:4,(anonymous_9)
FNDA:10,(anonymous_10)
FNDA:3,(anonymous_11)
FNDA:3,(anonymous_12)
FNDA:6,(anonymous_13)
FNDA:7,(anonymous_14)
FNDA:3,validateSafe
DA:8,28
DA:13,30
DA:17,53
DA:22,4
DA:23,1
DA:26,3
DA:28,3
DA:29,1
DA:32,2
DA:33,1
DA:36,1
DA:43,15
DA:44,2
DA:47,13
DA:48,4
DA:51,9
DA:58,5
DA:59,1
DA:62,4
DA:63,2
DA:66,2
DA:73,6
DA:75,6
DA:76,2
DA:79,4
DA:86,4
DA:87,2
DA:90,2
DA:101,10
DA:102,1
DA:105,9
DA:106,9
DA:107,1
DA:110,8
DA:111,2
DA:114,6
DA:126,3
DA:127,1
DA:130,2
DA:131,2
DA:132,1
DA:135,1
DA:142,3
DA:143,1
DA:146,2
DA:147,1
DA:150,1
DA:157,6
DA:158,1
DA:161,5
DA:162,1
DA:165,4
DA:166,1
DA:169,3
DA:176,7
DA:177,1
DA:180,6
DA:181,2
DA:184,4
DA:191,3
DA:195,3
DA:196,3
DA:198,2
DA:199,2
LF:64
LH:64
BRDA:22,0,0,1
BRDA:22,0,1,3
BRDA:22,1,0,4
BRDA:22,1,1,4
BRDA:28,2,0,1
BRDA:28,2,1,2
BRDA:28,3,0,3
BRDA:28,3,1,3
BRDA:28,3,2,3
BRDA:32,4,0,1
BRDA:32,4,1,1
BRDA:32,5,0,2
BRDA:32,5,1,2
BRDA:32,5,2,2
BRDA:43,6,0,2
BRDA:43,6,1,13
BRDA:43,7,0,15
BRDA:43,7,1,14
BRDA:47,8,0,4
BRDA:47,8,1,9
BRDA:58,9,0,1
BRDA:58,9,1,4
BRDA:62,10,0,2
BRDA:62,10,1,2
BRDA:62,11,0,4
BRDA:62,11,1,3
BRDA:75,12,0,2
BRDA:75,12,1,4
BRDA:86,13,0,2
BRDA:86,13,1,2
BRDA:86,14,0,4
BRDA:86,14,1,3
BRDA:101,15,0,1
BRDA:101,15,1,9
BRDA:101,16,0,10
BRDA:101,16,1,10
BRDA:106,17,0,1
BRDA:106,17,1,8
BRDA:110,18,0,2
BRDA:110,18,1,6
BRDA:110,19,0,8
BRDA:110,19,1,7
BRDA:117,20,0,6
BRDA:117,20,1,5
BRDA:126,21,0,1
BRDA:126,21,1,2
BRDA:131,22,0,1
BRDA:131,22,1,1
BRDA:142,23,0,1
BRDA:142,23,1,2
BRDA:146,24,0,1
BRDA:146,24,1,1
BRDA:156,25,0,3
BRDA:156,26,0,4
BRDA:157,27,0,1
BRDA:157,27,1,5
BRDA:161,28,0,1
BRDA:161,28,1,4
BRDA:165,29,0,1
BRDA:165,29,1,3
BRDA:175,30,0,3
BRDA:175,31,0,4
BRDA:176,32,0,1
BRDA:176,32,1,6
BRDA:180,33,0,2
BRDA:180,33,1,4
BRDA:180,34,0,6
BRDA:180,34,1,5
BRDA:193,35,0,2
BRF:69
BRH:69
end_of_record
TN:
SF:lib/services/arrival.service.ts
FN:11,(anonymous_1)
FNF:1
FNH:1
FNDA:8,(anonymous_1)
DA:10,8
DA:13,8
DA:14,8
DA:15,8
DA:16,8
DA:18,8
LF:6
LH:6
BRDA:15,0,0,4
BRDA:15,0,1,4
BRDA:16,1,0,2
BRDA:16,1,1,6
BRF:4
BRH:4
end_of_record
TN:
SF:lib/services/feedback.service.ts
FN:33,(anonymous_1)
FN:53,(anonymous_2)
FN:71,(anonymous_3)
FN:86,(anonymous_4)
FN:89,(anonymous_5)
FN:93,(anonymous_6)
FN:98,(anonymous_7)
FN:102,(anonymous_8)
FN:111,(anonymous_9)
FN:113,(anonymous_10)
FN:119,(anonymous_11)
FN:120,(anonymous_12)
FN:137,(anonymous_13)
FN:151,(anonymous_14)
FN:157,(anonymous_15)
FN:176,(anonymous_16)
FNF:16
FNH:16
FNDA:4,(anonymous_1)
FNDA:4,(anonymous_2)
FNDA:6,(anonymous_3)
FNDA:6,(anonymous_4)
FNDA:6,(anonymous_5)
FNDA:6,(anonymous_6)
FNDA:6,(anonymous_7)
FNDA:4,(anonymous_8)
FNDA:6,(anonymous_9)
FNDA:6,(anonymous_10)
FNDA:2,(anonymous_11)
FNDA:1,(anonymous_12)
FNDA:1,(anonymous_13)
FNDA:2,(anonymous_14)
FNDA:1,(anonymous_15)
FNDA:1,(anonymous_16)
DA:1,1
DA:29,9
DA:34,4
DA:35,4
DA:37,4
DA:43,4
DA:45,4
DA:47,4
DA:58,4
DA:59,4
DA:63,4
DA:64,1
DA:66,4
DA:67,1
DA:70,4
DA:71,6
DA:73,4
DA:74,2
DA:86,6
DA:87,2
DA:89,6
DA:90,2
DA:93,6
DA:94,2
DA:97,2
DA:98,6
DA:100,2
DA:101,2
DA:102,2
DA:103,4
DA:104,4
DA:105,4
DA:107,2
DA:111,6
DA:112,2
DA:113,2
DA:114,6
DA:115,2
DA:118,2
DA:119,2
DA:120,1
DA:123,2
DA:142,1
DA:143,1
DA:151,2
DA:163,1
DA:182,1
LF:47
LH:47
BRDA:54,0,0,0
BRDA:63,1,0,1
BRDA:63,1,1,3
BRDA:66,2,0,1
BRDA:66,2,1,3
BRDA:73,3,0,2
BRDA:73,3,1,2
BRDA:98,4,0,6
BRDA:98,4,1,4
BRDA:101,5,0,2
BRDA:101,5,1,0
BRDA:103,6,0,4
BRDA:103,6,1,0
BRDA:103,7,0,4
BRDA:103,7,1,0
BRDA:114,8,0,2
BRDA:114,8,1,4
BRDA:115,9,0,2
BRDA:115,9,1,2
BRDA:139,10,0,0
BRDA:140,11,0,0
BRDA:161,12,0,0
BRDA:180,13,0,0
BRF:23
BRH:15
end_of_record
TN:
SF:lib/services/incident.service.ts
FN:56,(anonymous_1)
FN:77,(anonymous_2)
FN:87,(anonymous_3)
FN:93,(anonymous_4)
FN:120,(anonymous_5)
FN:140,(anonymous_6)
FN:150,(anonymous_7)
FN:156,(anonymous_8)
FN:176,(anonymous_9)
FN:180,(anonymous_10)
FN:190,(anonymous_11)
FN:192,(anonymous_12)
FN:210,(anonymous_13)
FN:211,(anonymous_14)
FN:212,(anonymous_15)
FN:228,(anonymous_16)
FNF:16
FNH:16
FNDA:3,(anonymous_1)
FNDA:4,(anonymous_2)
FNDA:5,(anonymous_3)
FNDA:2,(anonymous_4)
FNDA:2,(anonymous_5)
FNDA:1,(anonymous_6)
FNDA:2,(anonymous_7)
FNDA:2,(anonymous_8)
FNDA:2,(anonymous_9)
FNDA:3,(anonymous_10)
FNDA:2,(anonymous_11)
FNDA:2,(anonymous_12)
FNDA:2,(anonymous_13)
FNDA:1,(anonymous_14)
FNDA:1,(anonymous_15)
FNDA:1,(anonymous_16)
DA:1,1
DA:52,14
DA:57,3
DA:58,3
DA:60,3
DA:67,3
DA:69,3
DA:71,3
DA:78,4
DA:79,4
DA:87,5
DA:98,2
DA:99,2
DA:104,2
DA:105,1
DA:108,2
DA:109,1
DA:112,2
DA:114,2
DA:121,2
DA:122,2
DA:124,2
DA:130,2
DA:132,2
DA:134,2
DA:141,1
DA:142,1
DA:150,2
DA:157,2
DA:158,2
DA:162,2
DA:163,1
DA:164,1
DA:165,1
DA:168,2
DA:170,2
DA:177,2
DA:179,2
DA:180,3
DA:183,2
DA:190,2
DA:191,2
DA:192,2
DA:196,2
DA:199,2
DA:200,2
DA:201,1
DA:202,1
DA:203,0
DA:204,1
DA:205,0
DA:209,2
DA:210,2
DA:211,1
DA:212,1
DA:214,2
DA:236,1
LF:57
LH:55
BRDA:77,0,0,0
BRDA:104,1,0,1
BRDA:104,1,1,1
BRDA:108,2,0,1
BRDA:108,2,1,1
BRDA:162,3,0,1
BRDA:162,3,1,1
BRDA:164,4,0,1
BRDA:164,4,1,0
BRDA:176,5,0,0
BRDA:191,6,0,1
BRDA:191,6,1,1
BRDA:192,7,0,2
BRDA:192,7,1,0
BRDA:200,8,0,1
BRDA:200,8,1,1
BRDA:200,9,0,2
BRDA:200,9,1,1
BRDA:202,10,0,0
BRDA:202,10,1,1
BRDA:202,11,0,1
BRDA:202,11,1,1
BRDA:204,12,0,0
BRDA:204,12,1,1
BRDA:204,13,0,1
BRDA:204,13,1,1
BRF:26
BRH:20
end_of_record
TN:
SF:lib/services/maps.service.ts
FN:22,(anonymous_1)
FNF:1
FNH:1
FNDA:5,(anonymous_1)
DA:18,18
DA:23,5
DA:24,5
DA:32,4
DA:33,1
DA:34,1
DA:37,3
DA:38,3
DA:40,1
DA:41,1
LF:10
LH:10
BRDA:32,0,0,1
BRDA:32,0,1,3
BRDA:38,1,0,3
BRDA:38,1,1,2
BRF:4
BRH:4
end_of_record
TN:
SF:lib/services/notification.service.ts
FN:11,(anonymous_1)
FN:38,(anonymous_2)
FN:59,(anonymous_3)
FNF:3
FNH:3
FNDA:3,(anonymous_1)
FNDA:2,(anonymous_2)
FNDA:3,(anonymous_3)
DA:1,4
DA:7,8
DA:12,3
DA:13,3
DA:27,2
DA:28,2
DA:30,1
DA:31,1
DA:39,2
DA:40,2
DA:48,1
DA:49,1
DA:51,1
DA:52,1
DA:60,3
DA:61,3
DA:62,2
DA:63,2
DA:65,1
DA:66,1
LF:20
LH:20
BRDA:19,0,0,3
BRDA:19,0,1,2
BRDA:46,1,0,2
BRDA:46,1,1,2
BRF:4
BRH:4
end_of_record
